{"/Users/jp/Dev/code-server/src/browser/register.ts": {"path":"/Users/jp/Dev/code-server/src/browser/register.ts","statementMap":{"0":{"start":{"line":1,"column":0},"end":{"line":1,"column":54}},"1":{"start":{"line":3,"column":16},"end":{"line":3,"column":28}},"2":{"start":{"line":5,"column":0},"end":{"line":5,"column":26}},"3":{"start":{"line":6,"column":0},"end":{"line":6,"column":27}},"4":{"start":{"line":7,"column":0},"end":{"line":7,"column":26}},"5":{"start":{"line":9,"column":0},"end":{"line":18,"column":null}},"6":{"start":{"line":10,"column":15},"end":{"line":10,"column":73}},"7":{"start":{"line":11,"column":2},"end":{"line":17,"column":null}},"8":{"start":{"line":16,"column":6},"end":{"line":16,"column":null}}},"fnMap":{"0":{"name":"(anonymous_0)","decl":{"start":{"line":15,"column":10},"end":{"line":15,"column":null}},"loc":{"start":{"line":15,"column":10},"end":{"line":17,"column":5}}}},"branchMap":{"0":{"loc":{"start":{"line":9,"column":0},"end":{"line":18,"column":null}},"type":"if","locations":[{"start":{"line":9,"column":0},"end":{"line":18,"column":null}},{"start":{"line":9,"column":0},"end":{"line":18,"column":null}}]},"1":{"loc":{"start":{"line":13,"column":26},"end":{"line":13,"column":30}},"type":"cond-expr","locations":[{"start":{"line":13,"column":26},"end":{"line":13,"column":30}},{"start":{"line":13,"column":30},"end":{"line":13,"column":32}}]},"2":{"loc":{"start":{"line":13,"column":13},"end":{"line":13,"column":30}},"type":"binary-expr","locations":[{"start":{"line":13,"column":13},"end":{"line":13,"column":30}},{"start":{"line":13,"column":26},"end":{"line":13,"column":30}}]}},"s":{"0":0,"1":0,"2":0,"3":0,"4":0,"5":0,"6":0,"7":0,"8":0},"f":{"0":0},"b":{"0":[0,0],"1":[0,0],"2":[0,0]}}
,"/Users/jp/Dev/code-server/src/browser/serviceWorker.ts": {"path":"/Users/jp/Dev/code-server/src/browser/serviceWorker.ts","statementMap":{"0":{"start":{"line":3,"column":0},"end":{"line":5,"column":null}},"1":{"start":{"line":4,"column":2},"end":{"line":4,"column":null}},"2":{"start":{"line":7,"column":0},"end":{"line":9,"column":null}},"3":{"start":{"line":8,"column":2},"end":{"line":8,"column":null}},"4":{"start":{"line":11,"column":0},"end":{"line":13,"column":null}}},"fnMap":{"0":{"name":"(anonymous_0)","decl":{"start":{"line":3,"column":33},"end":{"line":3,"column":null}},"loc":{"start":{"line":3,"column":33},"end":{"line":5,"column":1}}},"1":{"name":"(anonymous_1)","decl":{"start":{"line":7,"column":34},"end":{"line":7,"column":35}},"loc":{"start":{"line":7,"column":45},"end":{"line":9,"column":1}}},"2":{"name":"(anonymous_2)","decl":{"start":{"line":11,"column":31},"end":{"line":11,"column":null}},"loc":{"start":{"line":11,"column":31},"end":{"line":13,"column":1}}}},"branchMap":{},"s":{"0":0,"1":0,"2":0,"3":0,"4":0},"f":{"0":0,"1":0,"2":0},"b":{}}
,"/Users/jp/Dev/code-server/src/browser/pages/login.ts": {"path":"/Users/jp/Dev/code-server/src/browser/pages/login.ts","statementMap":{"0":{"start":{"line":1,"column":0},"end":{"line":1,"column":46}},"1":{"start":{"line":3,"column":16},"end":{"line":3,"column":28}},"2":{"start":{"line":4,"column":11},"end":{"line":4,"column":62}},"3":{"start":{"line":5,"column":0},"end":{"line":7,"column":null}},"4":{"start":{"line":6,"column":2},"end":{"line":6,"column":null}}},"fnMap":{},"branchMap":{"0":{"loc":{"start":{"line":5,"column":0},"end":{"line":7,"column":null}},"type":"if","locations":[{"start":{"line":5,"column":0},"end":{"line":7,"column":null}},{"start":{"line":5,"column":0},"end":{"line":7,"column":null}}]}},"s":{"0":0,"1":0,"2":0,"3":0,"4":0},"f":{},"b":{"0":[0,0]}}
,"/Users/jp/Dev/code-server/src/browser/pages/vscode.ts": {"path":"/Users/jp/Dev/code-server/src/browser/pages/vscode.ts","statementMap":{"0":{"start":{"line":1,"column":0},"end":{"line":1,"column":46}},"1":{"start":{"line":3,"column":16},"end":{"line":3,"column":28}},"2":{"start":{"line":9,"column":0},"end":{"line":31,"column":null}},"3":{"start":{"line":10,"column":2},"end":{"line":10,"column":null}},"4":{"start":{"line":11,"column":2},"end":{"line":28,"column":null}},"5":{"start":{"line":12,"column":20},"end":{"line":12,"column":39}},"6":{"start":{"line":13,"column":4},"end":{"line":27,"column":null}},"7":{"start":{"line":14,"column":21},"end":{"line":14,"column":36}},"8":{"start":{"line":15,"column":6},"end":{"line":17,"column":null}},"9":{"start":{"line":16,"column":8},"end":{"line":16,"column":null}},"10":{"start":{"line":19,"column":19},"end":{"line":19,"column":111}},"11":{"start":{"line":20,"column":6},"end":{"line":26,"column":null}},"12":{"start":{"line":21,"column":28},"end":{"line":21,"column":44}},"13":{"start":{"line":23,"column":10},"end":{"line":23,"column":null}},"14":{"start":{"line":24,"column":10},"end":{"line":24,"column":null}},"15":{"start":{"line":33,"column":2},"end":{"line":49,"column":null}},"16":{"start":{"line":51,"column":0},"end":{"line":55,"column":null}},"17":{"start":{"line":52,"column":2},"end":{"line":52,"column":null}}},"fnMap":{"0":{"name":"(anonymous_0)","decl":{"start":{"line":13,"column":27},"end":{"line":13,"column":28}},"loc":{"start":{"line":13,"column":64},"end":{"line":27,"column":5}}},"1":{"name":"(anonymous_1)","decl":{"start":{"line":21,"column":14},"end":{"line":21,"column":15}},"loc":{"start":{"line":21,"column":23},"end":{"line":21,"column":36}}},"2":{"name":"(anonymous_2)","decl":{"start":{"line":22,"column":14},"end":{"line":22,"column":15}},"loc":{"start":{"line":22,"column":19},"end":{"line":25,"column":9}}}},"branchMap":{"0":{"loc":{"start":{"line":11,"column":2},"end":{"line":28,"column":null}},"type":"if","locations":[{"start":{"line":11,"column":2},"end":{"line":28,"column":null}},{"start":{"line":11,"column":2},"end":{"line":28,"column":null}}]},"1":{"loc":{"start":{"line":15,"column":6},"end":{"line":17,"column":null}},"type":"if","locations":[{"start":{"line":15,"column":6},"end":{"line":17,"column":null}},{"start":{"line":15,"column":6},"end":{"line":17,"column":null}}]}},"s":{"0":0,"1":0,"2":0,"3":0,"4":0,"5":0,"6":0,"7":0,"8":0,"9":0,"10":0,"11":0,"12":0,"13":0,"14":0,"15":0,"16":0,"17":0},"f":{"0":0,"1":0,"2":0},"b":{"0":[0,0],"1":[0,0]}}
,"/Users/jp/Dev/code-server/src/common/emitter.ts": {"path":"/Users/jp/Dev/code-server/src/common/emitter.ts","statementMap":{"0":{"start":{"line":1,"column":0},"end":{"line":1,"column":38}},"1":{"start":{"line":20,"column":0},"end":{"line":20,"column":13}},"2":{"start":{"line":21,"column":10},"end":{"line":21,"column":null}},"3":{"start":{"line":23,"column":2},"end":{"line":36,"column":null}},"4":{"start":{"line":23,"column":2},"end":{"line":23,"column":13}},"5":{"start":{"line":24,"column":4},"end":{"line":35,"column":null}},"6":{"start":{"line":25,"column":6},"end":{"line":25,"column":null}},"7":{"start":{"line":27,"column":6},"end":{"line":34,"column":null}},"8":{"start":{"line":29,"column":20},"end":{"line":29,"column":46}},"9":{"start":{"line":30,"column":10},"end":{"line":32,"column":null}},"10":{"start":{"line":31,"column":12},"end":{"line":31,"column":null}},"11":{"start":{"line":41,"column":15},"end":{"line":56,"column":null}},"12":{"start":{"line":43,"column":10},"end":{"line":43,"column":null}},"13":{"start":{"line":43,"column":45},"end":{"line":43,"column":59}},"14":{"start":{"line":45,"column":4},"end":{"line":53,"column":null}},"15":{"start":{"line":46,"column":34},"end":{"line":52,"column":8}},"16":{"start":{"line":48,"column":10},"end":{"line":48,"column":null}},"17":{"start":{"line":50,"column":10},"end":{"line":50,"column":null}},"18":{"start":{"line":55,"column":4},"end":{"line":55,"column":null}},"19":{"start":{"line":58,"column":9},"end":{"line":60,"column":null}},"20":{"start":{"line":59,"column":4},"end":{"line":59,"column":null}},"21":{"start":{"line":61,"column":0},"end":{"line":61,"column":null}},"22":{"start":{"line":20,"column":13},"end":{"line":20,"column":20}}},"fnMap":{"0":{"name":"(anonymous_13)","decl":{"start":{"line":20,"column":0},"end":{"line":20,"column":13}},"loc":{"start":{"line":20,"column":0},"end":{"line":61,"column":null}}},"1":{"name":"(anonymous_15)","decl":{"start":{"line":23,"column":2},"end":{"line":23,"column":13}},"loc":{"start":{"line":23,"column":2},"end":{"line":36,"column":3}}},"2":{"name":"(anonymous_16)","decl":{"start":{"line":24,"column":11},"end":{"line":24,"column":12}},"loc":{"start":{"line":24,"column":27},"end":{"line":35,"column":5}}},"3":{"name":"(anonymous_17)","decl":{"start":{"line":28,"column":17},"end":{"line":28,"column":null}},"loc":{"start":{"line":28,"column":17},"end":{"line":33,"column":9}}},"4":{"name":"(anonymous_18)","decl":{"start":{"line":41,"column":2},"end":{"line":41,"column":15}},"loc":{"start":{"line":41,"column":28},"end":{"line":56,"column":null}}},"5":{"name":"(anonymous_21)","decl":{"start":{"line":43,"column":38},"end":{"line":43,"column":39}},"loc":{"start":{"line":43,"column":40},"end":{"line":43,"column":46}}},"6":{"name":"(anonymous_22)","decl":{"start":{"line":46,"column":25},"end":{"line":46,"column":32}},"loc":{"start":{"line":46,"column":34},"end":{"line":52,"column":8}}},"7":{"name":"(anonymous_23)","decl":{"start":{"line":46,"column":34},"end":{"line":46,"column":null}},"loc":{"start":{"line":46,"column":34},"end":{"line":52,"column":8}}},"8":{"name":"(anonymous_25)","decl":{"start":{"line":58,"column":2},"end":{"line":58,"column":9}},"loc":{"start":{"line":58,"column":2},"end":{"line":60,"column":3}}}},"branchMap":{"0":{"loc":{"start":{"line":30,"column":10},"end":{"line":32,"column":null}},"type":"if","locations":[{"start":{"line":30,"column":10},"end":{"line":32,"column":null}},{"start":{"line":30,"column":10},"end":{"line":32,"column":null}}]}},"s":{"0":2,"1":2,"2":11,"3":2,"4":10,"5":10,"6":12,"7":12,"8":5,"9":5,"10":5,"11":2,"12":6,"13":6,"14":12,"15":5,"16":10,"17":0,"18":6,"19":2,"20":0,"21":2,"22":2},"f":{"0":13,"1":10,"2":12,"3":5,"4":6,"5":6,"6":5,"7":5,"8":0},"b":{"0":[5,0]}}
,"/Users/jp/Dev/code-server/src/common/http.ts": {"path":"/Users/jp/Dev/code-server/src/common/http.ts","statementMap":{"0":{"start":{"line":1,"column":0},"end":{"line":1,"column":null}},"1":{"start":{"line":2,"column":2},"end":{"line":2,"column":null}},"2":{"start":{"line":3,"column":2},"end":{"line":3,"column":null}},"3":{"start":{"line":4,"column":2},"end":{"line":4,"column":null}},"4":{"start":{"line":5,"column":2},"end":{"line":5,"column":null}},"5":{"start":{"line":6,"column":2},"end":{"line":6,"column":null}},"6":{"start":{"line":7,"column":2},"end":{"line":7,"column":null}},"7":{"start":{"line":8,"column":2},"end":{"line":8,"column":null}},"8":{"start":{"line":15,"column":0},"end":{"line":15,"column":null}},"9":{"start":{"line":15,"column":31},"end":{"line":15,"column":36}},"10":{"start":{"line":17,"column":4},"end":{"line":17,"column":null}},"11":{"start":{"line":16,"column":54},"end":{"line":16,"column":70}},"12":{"start":{"line":16,"column":88},"end":{"line":16,"column":104}},"13":{"start":{"line":18,"column":4},"end":{"line":18,"column":null}},"14":{"start":{"line":20,"column":0},"end":{"line":20,"column":null}},"15":{"start":{"line":15,"column":13},"end":{"line":15,"column":22}}},"fnMap":{"0":{"name":"(anonymous_6)","decl":{"start":{"line":1,"column":0},"end":{"line":1,"column":12}},"loc":{"start":{"line":1,"column":20},"end":{"line":9,"column":1}}},"1":{"name":"(anonymous_7)","decl":{"start":{"line":15,"column":0},"end":{"line":15,"column":13}},"loc":{"start":{"line":15,"column":0},"end":{"line":20,"column":null}}},"2":{"name":"HttpError","decl":{"start":{"line":16,"column":2},"end":{"line":16,"column":21}},"loc":{"start":{"line":16,"column":104},"end":{"line":19,"column":3}}}},"branchMap":{"0":{"loc":{"start":{"line":1,"column":12},"end":{"line":1,"column":20}},"type":"binary-expr","locations":[{"start":{"line":1,"column":12},"end":{"line":1,"column":20}},{"start":{"line":1,"column":12},"end":{"line":1,"column":null}}]},"1":{"loc":{"start":{"line":17,"column":4},"end":{"line":17,"column":18}},"type":"binary-expr","locations":[{"start":{"line":17,"column":4},"end":{"line":17,"column":18}},{"start":{"line":17,"column":18},"end":{"line":17,"column":null}}]}},"s":{"0":1,"1":1,"2":1,"3":1,"4":1,"5":1,"6":1,"7":1,"8":1,"9":1,"10":0,"11":0,"12":0,"13":0,"14":1,"15":1},"f":{"0":1,"1":1,"2":0},"b":{"0":[1,1],"1":[0,0]}}
,"/Users/jp/Dev/code-server/src/common/util.ts": {"path":"/Users/jp/Dev/code-server/src/common/util.ts","statementMap":{"0":{"start":{"line":1,"column":0},"end":{"line":1,"column":45}},"1":{"start":{"line":13,"column":21},"end":{"line":16,"column":1}},"2":{"start":{"line":14,"column":16},"end":{"line":14,"column":38}},"3":{"start":{"line":15,"column":2},"end":{"line":15,"column":null}},"4":{"start":{"line":13,"column":13},"end":{"line":13,"column":21}},"5":{"start":{"line":22,"column":22},"end":{"line":22,"column":63}},"6":{"start":{"line":22,"column":62},"end":{"line":22,"column":null}},"7":{"start":{"line":22,"column":13},"end":{"line":22,"column":22}},"8":{"start":{"line":24,"column":28},"end":{"line":30,"column":1}},"9":{"start":{"line":24,"column":29},"end":{"line":24,"column":null}},"10":{"start":{"line":25,"column":19},"end":{"line":25,"column":83}},"11":{"start":{"line":26,"column":2},"end":{"line":29,"column":null}},"12":{"start":{"line":28,"column":15},"end":{"line":28,"column":69}},"13":{"start":{"line":24,"column":13},"end":{"line":24,"column":28}},"14":{"start":{"line":35,"column":25},"end":{"line":37,"column":1}},"15":{"start":{"line":35,"column":39},"end":{"line":35,"column":null}},"16":{"start":{"line":36,"column":2},"end":{"line":36,"column":null}},"17":{"start":{"line":35,"column":13},"end":{"line":35,"column":25}},"18":{"start":{"line":42,"column":27},"end":{"line":44,"column":1}},"19":{"start":{"line":43,"column":2},"end":{"line":43,"column":null}},"20":{"start":{"line":42,"column":13},"end":{"line":42,"column":27}},"21":{"start":{"line":50,"column":27},"end":{"line":59,"column":1}},"22":{"start":{"line":52,"column":2},"end":{"line":54,"column":null}},"23":{"start":{"line":53,"column":4},"end":{"line":53,"column":null}},"24":{"start":{"line":55,"column":16},"end":{"line":55,"column":44}},"25":{"start":{"line":56,"column":2},"end":{"line":56,"column":null}},"26":{"start":{"line":57,"column":14},"end":{"line":57,"column":62}},"27":{"start":{"line":58,"column":2},"end":{"line":58,"column":null}},"28":{"start":{"line":50,"column":13},"end":{"line":50,"column":27}},"29":{"start":{"line":64,"column":26},"end":{"line":89,"column":1}},"30":{"start":{"line":66,"column":2},"end":{"line":70,"column":null}},"31":{"start":{"line":67,"column":4},"end":{"line":67,"column":null}},"32":{"start":{"line":69,"column":4},"end":{"line":69,"column":null}},"33":{"start":{"line":72,"column":17},"end":{"line":72,"column":53}},"34":{"start":{"line":73,"column":20},"end":{"line":73,"column":41}},"35":{"start":{"line":74,"column":2},"end":{"line":79,"column":null}},"36":{"start":{"line":75,"column":4},"end":{"line":78,"column":null}},"37":{"start":{"line":81,"column":2},"end":{"line":81,"column":null}},"38":{"start":{"line":83,"column":2},"end":{"line":83,"column":null}},"39":{"start":{"line":84,"column":2},"end":{"line":84,"column":null}},"40":{"start":{"line":86,"column":2},"end":{"line":86,"column":null}},"41":{"start":{"line":88,"column":2},"end":{"line":88,"column":null}},"42":{"start":{"line":64,"column":13},"end":{"line":64,"column":26}},"43":{"start":{"line":95,"column":24},"end":{"line":103,"column":1}},"44":{"start":{"line":96,"column":2},"end":{"line":98,"column":null}},"45":{"start":{"line":97,"column":4},"end":{"line":97,"column":null}},"46":{"start":{"line":99,"column":2},"end":{"line":101,"column":null}},"47":{"start":{"line":100,"column":4},"end":{"line":100,"column":null}},"48":{"start":{"line":102,"column":2},"end":{"line":102,"column":null}},"49":{"start":{"line":95,"column":13},"end":{"line":95,"column":24}},"50":{"start":{"line":108,"column":30},"end":{"line":114,"column":1}},"51":{"start":{"line":109,"column":2},"end":{"line":111,"column":null}},"52":{"start":{"line":110,"column":4},"end":{"line":110,"column":null}},"53":{"start":{"line":113,"column":2},"end":{"line":113,"column":null}},"54":{"start":{"line":108,"column":13},"end":{"line":108,"column":30}},"55":{"start":{"line":117,"column":2},"end":{"line":121,"column":null}},"56":{"start":{"line":118,"column":4},"end":{"line":118,"column":null}},"57":{"start":{"line":120,"column":4},"end":{"line":120,"column":null}},"58":{"start":{"line":116,"column":0},"end":{"line":116,"column":16}}},"fnMap":{"0":{"name":"(anonymous_2)","decl":{"start":{"line":13,"column":21},"end":{"line":13,"column":22}},"loc":{"start":{"line":13,"column":52},"end":{"line":16,"column":1}}},"1":{"name":"(anonymous_3)","decl":{"start":{"line":22,"column":22},"end":{"line":22,"column":23}},"loc":{"start":{"line":22,"column":49},"end":{"line":22,"column":63}}},"2":{"name":"(anonymous_4)","decl":{"start":{"line":24,"column":28},"end":{"line":24,"column":29}},"loc":{"start":{"line":24,"column":40},"end":{"line":30,"column":1}}},"3":{"name":"(anonymous_5)","decl":{"start":{"line":28,"column":9},"end":{"line":28,"column":15}},"loc":{"start":{"line":28,"column":9},"end":{"line":28,"column":23}}},"4":{"name":"(anonymous_6)","decl":{"start":{"line":35,"column":25},"end":{"line":35,"column":26}},"loc":{"start":{"line":35,"column":59},"end":{"line":37,"column":1}}},"5":{"name":"(anonymous_7)","decl":{"start":{"line":42,"column":27},"end":{"line":42,"column":28}},"loc":{"start":{"line":42,"column":39},"end":{"line":44,"column":1}}},"6":{"name":"(anonymous_8)","decl":{"start":{"line":50,"column":27},"end":{"line":50,"column":28}},"loc":{"start":{"line":50,"column":41},"end":{"line":59,"column":1}}},"7":{"name":"(anonymous_9)","decl":{"start":{"line":64,"column":26},"end":{"line":64,"column":null}},"loc":{"start":{"line":64,"column":26},"end":{"line":89,"column":1}}},"8":{"name":"(anonymous_10)","decl":{"start":{"line":95,"column":24},"end":{"line":95,"column":28}},"loc":{"start":{"line":95,"column":43},"end":{"line":103,"column":1}}},"9":{"name":"(anonymous_11)","decl":{"start":{"line":108,"column":30},"end":{"line":108,"column":31}},"loc":{"start":{"line":108,"column":76},"end":{"line":114,"column":1}}},"10":{"name":"logError","decl":{"start":{"line":116,"column":16},"end":{"line":116,"column":24}},"loc":{"start":{"line":116,"column":49},"end":{"line":122,"column":1}}}},"branchMap":{"0":{"loc":{"start":{"line":15,"column":24},"end":{"line":15,"column":82}},"type":"cond-expr","locations":[{"start":{"line":15,"column":24},"end":{"line":15,"column":82}},{"start":{"line":15,"column":85},"end":{"line":15,"column":94}}]},"1":{"loc":{"start":{"line":22,"column":77},"end":{"line":22,"column":80}},"type":"cond-expr","locations":[{"start":{"line":22,"column":77},"end":{"line":22,"column":80}},{"start":{"line":22,"column":86},"end":{"line":22,"column":92}}]},"2":{"loc":{"start":{"line":24,"column":29},"end":{"line":24,"column":null}},"type":"if","locations":[{"start":{"line":24,"column":29},"end":{"line":24,"column":null}},{"start":{"line":24,"column":29},"end":{"line":24,"column":null}}]},"3":{"loc":{"start":{"line":35,"column":39},"end":{"line":35,"column":null}},"type":"if","locations":[{"start":{"line":35,"column":39},"end":{"line":35,"column":null}},{"start":{"line":35,"column":39},"end":{"line":35,"column":null}}]},"4":{"loc":{"start":{"line":36,"column":67},"end":{"line":36,"column":70}},"type":"cond-expr","locations":[{"start":{"line":36,"column":67},"end":{"line":36,"column":70}},{"start":{"line":36,"column":73},"end":{"line":36,"column":75}}]},"5":{"loc":{"start":{"line":52,"column":2},"end":{"line":54,"column":null}},"type":"if","locations":[{"start":{"line":52,"column":2},"end":{"line":54,"column":null}},{"start":{"line":52,"column":2},"end":{"line":54,"column":null}}]},"6":{"loc":{"start":{"line":52,"column":6},"end":{"line":52,"column":11}},"type":"binary-expr","locations":[{"start":{"line":52,"column":6},"end":{"line":52,"column":11}},{"start":{"line":52,"column":15},"end":{"line":52,"column":35}}]},"7":{"loc":{"start":{"line":53,"column":11},"end":{"line":53,"column":15}},"type":"cond-expr","locations":[{"start":{"line":53,"column":11},"end":{"line":53,"column":15}},{"start":{"line":53,"column":19},"end":{"line":53,"column":21}}]},"8":{"loc":{"start":{"line":53,"column":11},"end":{"line":53,"column":19}},"type":"binary-expr","locations":[{"start":{"line":53,"column":11},"end":{"line":53,"column":19}},{"start":{"line":53,"column":11},"end":{"line":53,"column":19}}]},"9":{"loc":{"start":{"line":74,"column":2},"end":{"line":79,"column":null}},"type":"if","locations":[{"start":{"line":74,"column":2},"end":{"line":79,"column":null}},{"start":{"line":74,"column":2},"end":{"line":79,"column":null}}]},"10":{"loc":{"start":{"line":96,"column":2},"end":{"line":98,"column":null}},"type":"if","locations":[{"start":{"line":96,"column":2},"end":{"line":98,"column":null}},{"start":{"line":96,"column":2},"end":{"line":98,"column":null}}]},"11":{"loc":{"start":{"line":99,"column":2},"end":{"line":101,"column":null}},"type":"if","locations":[{"start":{"line":99,"column":2},"end":{"line":101,"column":null}},{"start":{"line":99,"column":2},"end":{"line":101,"column":null}}]},"12":{"loc":{"start":{"line":109,"column":2},"end":{"line":111,"column":null}},"type":"if","locations":[{"start":{"line":109,"column":2},"end":{"line":111,"column":null}},{"start":{"line":109,"column":2},"end":{"line":111,"column":null}}]},"13":{"loc":{"start":{"line":113,"column":37},"end":{"line":113,"column":42}},"type":"cond-expr","locations":[{"start":{"line":113,"column":37},"end":{"line":113,"column":42}},{"start":{"line":113,"column":45},"end":{"line":113,"column":54}}]},"14":{"loc":{"start":{"line":117,"column":2},"end":{"line":121,"column":null}},"type":"if","locations":[{"start":{"line":117,"column":2},"end":{"line":121,"column":null}},{"start":{"line":117,"column":2},"end":{"line":121,"column":null}}]}},"s":{"0":4,"1":4,"2":0,"3":0,"4":4,"5":4,"6":0,"7":4,"8":4,"9":2,"10":1,"11":1,"12":24,"13":4,"14":4,"15":6,"16":4,"17":4,"18":4,"19":0,"20":4,"21":4,"22":0,"23":0,"24":0,"25":0,"26":0,"27":0,"28":4,"29":4,"30":0,"31":0,"32":0,"33":0,"34":0,"35":0,"36":0,"37":0,"38":0,"39":0,"40":0,"41":0,"42":4,"43":4,"44":0,"45":0,"46":0,"47":0,"48":0,"49":4,"50":4,"51":0,"52":0,"53":0,"54":4,"55":0,"56":0,"57":0,"58":4},"f":{"0":0,"1":0,"2":1,"3":24,"4":4,"5":0,"6":0,"7":0,"8":0,"9":0,"10":0},"b":{"0":[0,0],"1":[0,0],"2":[1,0],"3":[2,2],"4":[2,2],"5":[0,0],"6":[0,0],"7":[0,0],"8":[0,0],"9":[0,0],"10":[0,0],"11":[0,0],"12":[0,0],"13":[0,0],"14":[0,0]}}
,"/Users/jp/Dev/code-server/src/node/app.ts": {"path":"/Users/jp/Dev/code-server/src/node/app.ts","statementMap":{"0":{"start":{"line":1,"column":0},"end":{"line":1,"column":38}},"1":{"start":{"line":2,"column":0},"end":{"line":2,"column":42}},"2":{"start":{"line":3,"column":0},"end":{"line":3,"column":35}},"3":{"start":{"line":4,"column":0},"end":{"line":4,"column":23}},"4":{"start":{"line":5,"column":0},"end":{"line":5,"column":42}},"5":{"start":{"line":6,"column":0},"end":{"line":6,"column":38}},"6":{"start":{"line":8,"column":0},"end":{"line":8,"column":42}},"7":{"start":{"line":13,"column":25},"end":{"line":60,"column":null}},"8":{"start":{"line":13,"column":51},"end":{"line":60,"column":null}},"9":{"start":{"line":14,"column":8},"end":{"line":14,"column":null}},"10":{"start":{"line":16,"column":17},"end":{"line":16,"column":21}},"11":{"start":{"line":17,"column":6},"end":{"line":17,"column":null}},"12":{"start":{"line":19,"column":16},"end":{"line":19,"column":29}},"13":{"start":{"line":19,"column":16},"end":{"line":19,"column":20}},"14":{"start":{"line":19,"column":30},"end":{"line":19,"column":65}},"15":{"start":{"line":19,"column":29},"end":{"line":19,"column":null}},"16":{"start":{"line":19,"column":10},"end":{"line":19,"column":null}},"17":{"start":{"line":20,"column":15},"end":{"line":20,"column":35}},"18":{"start":{"line":20,"column":15},"end":{"line":20,"column":19}},"19":{"start":{"line":20,"column":36},"end":{"line":20,"column":72}},"20":{"start":{"line":20,"column":35},"end":{"line":20,"column":null}},"21":{"start":{"line":17,"column":6},"end":{"line":23,"column":null}},"22":{"start":{"line":24,"column":6},"end":{"line":24,"column":null}},"23":{"start":{"line":16,"column":8},"end":{"line":24,"column":null}},"24":{"start":{"line":26,"column":6},"end":{"line":26,"column":null}},"25":{"start":{"line":27,"column":2},"end":{"line":54,"column":null}},"26":{"start":{"line":27,"column":49},"end":{"line":54,"column":4}},"27":{"start":{"line":28,"column":10},"end":{"line":31,"column":null}},"28":{"start":{"line":29,"column":6},"end":{"line":29,"column":null}},"29":{"start":{"line":30,"column":6},"end":{"line":30,"column":null}},"30":{"start":{"line":32,"column":4},"end":{"line":39,"column":null}},"31":{"start":{"line":33,"column":6},"end":{"line":38,"column":null}},"32":{"start":{"line":34,"column":8},"end":{"line":34,"column":null}},"33":{"start":{"line":37,"column":8},"end":{"line":37,"column":null}},"34":{"start":{"line":41,"column":8},"end":{"line":41,"column":12}},"35":{"start":{"line":43,"column":8},"end":{"line":43,"column":null}},"36":{"start":{"line":45,"column":8},"end":{"line":47,"column":null}},"37":{"start":{"line":46,"column":10},"end":{"line":46,"column":null}},"38":{"start":{"line":49,"column":6},"end":{"line":49,"column":null}},"39":{"start":{"line":52,"column":6},"end":{"line":52,"column":null}},"40":{"start":{"line":56,"column":8},"end":{"line":56,"column":null}},"41":{"start":{"line":57,"column":2},"end":{"line":57,"column":null}},"42":{"start":{"line":59,"column":2},"end":{"line":59,"column":null}},"43":{"start":{"line":13,"column":13},"end":{"line":13,"column":25}},"44":{"start":{"line":66,"column":29},"end":{"line":75,"column":1}},"45":{"start":{"line":67,"column":15},"end":{"line":67,"column":31}},"46":{"start":{"line":68,"column":2},"end":{"line":70,"column":null}},"47":{"start":{"line":69,"column":4},"end":{"line":69,"column":null}},"48":{"start":{"line":71,"column":2},"end":{"line":73,"column":null}},"49":{"start":{"line":72,"column":4},"end":{"line":72,"column":null}},"50":{"start":{"line":74,"column":2},"end":{"line":74,"column":null}},"51":{"start":{"line":66,"column":13},"end":{"line":66,"column":29}}},"fnMap":{"0":{"name":"(anonymous_20)","decl":{"start":{"line":13,"column":25},"end":{"line":13,"column":32}},"loc":{"start":{"line":13,"column":51},"end":{"line":60,"column":null}}},"1":{"name":"(anonymous_21)","decl":{"start":{"line":13,"column":51},"end":{"line":13,"column":null}},"loc":{"start":{"line":13,"column":51},"end":{"line":60,"column":null}}},"2":{"name":"(anonymous_23)","decl":{"start":{"line":27,"column":26},"end":{"line":27,"column":33}},"loc":{"start":{"line":27,"column":49},"end":{"line":54,"column":4}}},"3":{"name":"(anonymous_24)","decl":{"start":{"line":27,"column":49},"end":{"line":27,"column":null}},"loc":{"start":{"line":27,"column":49},"end":{"line":54,"column":4}}},"4":{"name":"(anonymous_26)","decl":{"start":{"line":28,"column":20},"end":{"line":28,"column":null}},"loc":{"start":{"line":28,"column":20},"end":{"line":31,"column":5}}},"5":{"name":"(anonymous_27)","decl":{"start":{"line":32,"column":23},"end":{"line":32,"column":24}},"loc":{"start":{"line":32,"column":27},"end":{"line":39,"column":5}}},"6":{"name":"(anonymous_28)","decl":{"start":{"line":66,"column":29},"end":{"line":66,"column":30}},"loc":{"start":{"line":66,"column":49},"end":{"line":75,"column":1}}}},"branchMap":{"0":{"loc":{"start":{"line":16,"column":17},"end":{"line":16,"column":21}},"type":"if","locations":[{"start":{"line":16,"column":17},"end":{"line":16,"column":21}},{"start":{"line":16,"column":17},"end":{"line":16,"column":21}}]},"1":{"loc":{"start":{"line":19,"column":16},"end":{"line":19,"column":20}},"type":"if","locations":[{"start":{"line":19,"column":16},"end":{"line":19,"column":20}},{"start":{"line":19,"column":16},"end":{"line":19,"column":20}}]},"2":{"loc":{"start":{"line":20,"column":15},"end":{"line":20,"column":19}},"type":"if","locations":[{"start":{"line":20,"column":15},"end":{"line":20,"column":19}},{"start":{"line":20,"column":15},"end":{"line":20,"column":19}}]},"3":{"loc":{"start":{"line":33,"column":6},"end":{"line":38,"column":null}},"type":"if","locations":[{"start":{"line":33,"column":6},"end":{"line":38,"column":null}},{"start":{"line":33,"column":6},"end":{"line":38,"column":null}}]},"4":{"loc":{"start":{"line":41,"column":8},"end":{"line":41,"column":12}},"type":"if","locations":[{"start":{"line":41,"column":8},"end":{"line":41,"column":12}},{"start":{"line":41,"column":8},"end":{"line":41,"column":12}}]},"5":{"loc":{"start":{"line":45,"column":8},"end":{"line":47,"column":null}},"type":"if","locations":[{"start":{"line":45,"column":8},"end":{"line":47,"column":null}},{"start":{"line":45,"column":8},"end":{"line":47,"column":null}}]},"6":{"loc":{"start":{"line":68,"column":2},"end":{"line":70,"column":null}},"type":"if","locations":[{"start":{"line":68,"column":2},"end":{"line":70,"column":null}},{"start":{"line":68,"column":2},"end":{"line":70,"column":null}}]},"7":{"loc":{"start":{"line":71,"column":2},"end":{"line":73,"column":null}},"type":"if","locations":[{"start":{"line":71,"column":2},"end":{"line":73,"column":null}},{"start":{"line":71,"column":2},"end":{"line":73,"column":null}}]}},"s":{"0":2,"1":2,"2":2,"3":2,"4":2,"5":2,"6":2,"7":2,"8":2,"9":2,"10":4,"11":0,"12":0,"13":0,"14":0,"15":0,"16":0,"17":0,"18":0,"19":0,"20":0,"21":0,"22":2,"23":2,"24":2,"25":4,"26":2,"27":2,"28":2,"29":2,"30":2,"31":0,"32":0,"33":0,"34":4,"35":0,"36":0,"37":0,"38":0,"39":2,"40":2,"41":2,"42":2,"43":2,"44":2,"45":4,"46":4,"47":0,"48":4,"49":4,"50":0,"51":2},"f":{"0":2,"1":2,"2":2,"3":2,"4":2,"5":0,"6":4},"b":{"0":[2,0],"1":[0,0],"2":[0,0],"3":[0,0],"4":[2,0],"5":[0,0],"6":[0,4],"7":[4,0]}}
,"/Users/jp/Dev/code-server/src/node/cli.ts": {"path":"/Users/jp/Dev/code-server/src/node/cli.ts","statementMap":{"0":{"start":{"line":1,"column":0},"end":{"line":1,"column":52}},"1":{"start":{"line":2,"column":0},"end":{"line":2,"column":30}},"2":{"start":{"line":3,"column":0},"end":{"line":3,"column":26}},"3":{"start":{"line":4,"column":0},"end":{"line":4,"column":24}},"4":{"start":{"line":5,"column":0},"end":{"line":5,"column":28}},"5":{"start":{"line":7,"column":0},"end":{"line":7,"column":92}},"6":{"start":{"line":9,"column":0},"end":{"line":9,"column":null}},"7":{"start":{"line":10,"column":2},"end":{"line":10,"column":null}},"8":{"start":{"line":11,"column":2},"end":{"line":11,"column":null}},"9":{"start":{"line":14,"column":0},"end":{"line":14,"column":13}},"10":{"start":{"line":15,"column":37},"end":{"line":15,"column":46}},"11":{"start":{"line":16,"column":0},"end":{"line":16,"column":null}},"12":{"start":{"line":14,"column":13},"end":{"line":14,"column":21}},"13":{"start":{"line":18,"column":0},"end":{"line":18,"column":null}},"14":{"start":{"line":19,"column":2},"end":{"line":19,"column":null}},"15":{"start":{"line":20,"column":2},"end":{"line":20,"column":null}},"16":{"start":{"line":21,"column":2},"end":{"line":21,"column":null}},"17":{"start":{"line":22,"column":2},"end":{"line":22,"column":null}},"18":{"start":{"line":23,"column":2},"end":{"line":23,"column":null}},"19":{"start":{"line":26,"column":0},"end":{"line":26,"column":52}},"20":{"start":{"line":26,"column":36},"end":{"line":26,"column":44}},"21":{"start":{"line":26,"column":54},"end":{"line":26,"column":null}},"22":{"start":{"line":26,"column":13},"end":{"line":26,"column":27}},"23":{"start":{"line":104,"column":41},"end":{"line":213,"column":null}},"24":{"start":{"line":215,"column":34},"end":{"line":242,"column":1}},"25":{"start":{"line":216,"column":18},"end":{"line":216,"column":76}},"26":{"start":{"line":216,"column":50},"end":{"line":216,"column":53}},"27":{"start":{"line":216,"column":54},"end":{"line":216,"column":55}},"28":{"start":{"line":216,"column":60},"end":{"line":216,"column":76}},"29":{"start":{"line":217,"column":17},"end":{"line":222,"column":null}},"30":{"start":{"line":218,"column":11},"end":{"line":218,"column":12}},"31":{"start":{"line":218,"column":13},"end":{"line":218,"column":15}},"32":{"start":{"line":218,"column":16},"end":{"line":218,"column":17}},"33":{"start":{"line":218,"column":22},"end":{"line":221,"column":null}},"34":{"start":{"line":224,"column":2},"end":{"line":241,"column":null}},"35":{"start":{"line":224,"column":22},"end":{"line":224,"column":23}},"36":{"start":{"line":224,"column":24},"end":{"line":224,"column":26}},"37":{"start":{"line":224,"column":27},"end":{"line":224,"column":28}},"38":{"start":{"line":225,"column":17},"end":{"line":225,"column":119}},"39":{"start":{"line":226,"column":4},"end":{"line":240,"column":null}},"40":{"start":{"line":232,"column":10},"end":{"line":232,"column":null}},"41":{"start":{"line":233,"column":10},"end":{"line":235,"column":null}},"42":{"start":{"line":234,"column":12},"end":{"line":234,"column":null}},"43":{"start":{"line":236,"column":10},"end":{"line":236,"column":null}},"44":{"start":{"line":215,"column":13},"end":{"line":215,"column":34}},"45":{"start":{"line":244,"column":21},"end":{"line":367,"column":1}},"46":{"start":{"line":250,"column":16},"end":{"line":255,"column":3}},"47":{"start":{"line":251,"column":4},"end":{"line":253,"column":null}},"48":{"start":{"line":252,"column":6},"end":{"line":252,"column":null}},"49":{"start":{"line":254,"column":4},"end":{"line":254,"column":null}},"50":{"start":{"line":257,"column":21},"end":{"line":257,"column":30}},"51":{"start":{"line":258,"column":14},"end":{"line":258,"column":19}},"52":{"start":{"line":261,"column":16},"end":{"line":261,"column":23}},"53":{"start":{"line":264,"column":4},"end":{"line":267,"column":null}},"54":{"start":{"line":265,"column":6},"end":{"line":265,"column":null}},"55":{"start":{"line":260,"column":11},"end":{"line":260,"column":15}},"56":{"start":{"line":270,"column":4},"end":{"line":353,"column":null}},"57":{"start":{"line":271,"column":13},"end":{"line":271,"column":37}},"58":{"start":{"line":272,"column":15},"end":{"line":272,"column":35}},"59":{"start":{"line":273,"column":6},"end":{"line":283,"column":null}},"60":{"start":{"line":274,"column":22},"end":{"line":274,"column":58}},"61":{"start":{"line":275,"column":8},"end":{"line":275,"column":null}},"62":{"start":{"line":276,"column":8},"end":{"line":276,"column":null}},"63":{"start":{"line":278,"column":22},"end":{"line":278,"column":43}},"64":{"start":{"line":279,"column":21},"end":{"line":279,"column":79}},"65":{"start":{"line":279,"column":51},"end":{"line":279,"column":54}},"66":{"start":{"line":279,"column":55},"end":{"line":279,"column":56}},"67":{"start":{"line":279,"column":61},"end":{"line":279,"column":79}},"68":{"start":{"line":280,"column":8},"end":{"line":282,"column":null}},"69":{"start":{"line":281,"column":10},"end":{"line":281,"column":null}},"70":{"start":{"line":285,"column":6},"end":{"line":287,"column":null}},"71":{"start":{"line":286,"column":8},"end":{"line":286,"column":null}},"72":{"start":{"line":289,"column":6},"end":{"line":291,"column":null}},"73":{"start":{"line":290,"column":8},"end":{"line":290,"column":null}},"74":{"start":{"line":293,"column":6},"end":{"line":295,"column":null}},"75":{"start":{"line":294,"column":8},"end":{"line":294,"column":null}},"76":{"start":{"line":297,"column":21},"end":{"line":297,"column":33}},"77":{"start":{"line":298,"column":6},"end":{"line":301,"column":null}},"78":{"start":{"line":299,"column":10},"end":{"line":299,"column":null}},"79":{"start":{"line":304,"column":6},"end":{"line":307,"column":null}},"80":{"start":{"line":306,"column":8},"end":{"line":306,"column":null}},"81":{"start":{"line":309,"column":6},"end":{"line":314,"column":null}},"82":{"start":{"line":310,"column":10},"end":{"line":310,"column":null}},"83":{"start":{"line":312,"column":13},"end":{"line":314,"column":null}},"84":{"start":{"line":313,"column":8},"end":{"line":313,"column":null}},"85":{"start":{"line":316,"column":6},"end":{"line":318,"column":null}},"86":{"start":{"line":320,"column":6},"end":{"line":322,"column":null}},"87":{"start":{"line":321,"column":8},"end":{"line":321,"column":null}},"88":{"start":{"line":324,"column":6},"end":{"line":350,"column":null}},"89":{"start":{"line":326,"column":12},"end":{"line":326,"column":null}},"90":{"start":{"line":327,"column":10},"end":{"line":327,"column":15}},"91":{"start":{"line":329,"column":10},"end":{"line":331,"column":null}},"92":{"start":{"line":330,"column":14},"end":{"line":330,"column":null}},"93":{"start":{"line":332,"column":12},"end":{"line":332,"column":null}},"94":{"start":{"line":333,"column":10},"end":{"line":333,"column":15}},"95":{"start":{"line":335,"column":12},"end":{"line":335,"column":null}},"96":{"start":{"line":336,"column":10},"end":{"line":338,"column":null}},"97":{"start":{"line":337,"column":12},"end":{"line":337,"column":null}},"98":{"start":{"line":339,"column":10},"end":{"line":339,"column":15}},"99":{"start":{"line":341,"column":12},"end":{"line":341,"column":null}},"100":{"start":{"line":342,"column":10},"end":{"line":342,"column":15}},"101":{"start":{"line":344,"column":10},"end":{"line":346,"column":null}},"102":{"start":{"line":345,"column":12},"end":{"line":345,"column":null}},"103":{"start":{"line":347,"column":12},"end":{"line":347,"column":null}},"104":{"start":{"line":348,"column":10},"end":{"line":348,"column":15}},"105":{"start":{"line":356,"column":4},"end":{"line":356,"column":null}},"106":{"start":{"line":260,"column":2},"end":{"line":357,"column":null}},"107":{"start":{"line":260,"column":15},"end":{"line":260,"column":16}},"108":{"start":{"line":360,"column":2},"end":{"line":362,"column":null}},"109":{"start":{"line":361,"column":4},"end":{"line":361,"column":null}},"110":{"start":{"line":364,"column":2},"end":{"line":364,"column":null}},"111":{"start":{"line":364,"column":21},"end":{"line":364,"column":94}},"112":{"start":{"line":366,"column":2},"end":{"line":366,"column":null}},"113":{"start":{"line":244,"column":13},"end":{"line":244,"column":21}},"114":{"start":{"line":390,"column":8},"end":{"line":390,"column":null}},"115":{"start":{"line":392,"column":6},"end":{"line":392,"column":7}},"116":{"start":{"line":393,"column":4},"end":{"line":393,"column":null}},"117":{"start":{"line":394,"column":4},"end":{"line":394,"column":null}},"118":{"start":{"line":397,"column":2},"end":{"line":399,"column":null}},"119":{"start":{"line":398,"column":4},"end":{"line":398,"column":null}},"120":{"start":{"line":403,"column":2},"end":{"line":411,"column":null}},"121":{"start":{"line":404,"column":4},"end":{"line":404,"column":null}},"122":{"start":{"line":405,"column":9},"end":{"line":411,"column":null}},"123":{"start":{"line":410,"column":4},"end":{"line":410,"column":null}},"124":{"start":{"line":414,"column":2},"end":{"line":416,"column":null}},"125":{"start":{"line":415,"column":4},"end":{"line":415,"column":null}},"126":{"start":{"line":417,"column":2},"end":{"line":438,"column":null}},"127":{"start":{"line":419,"column":6},"end":{"line":419,"column":null}},"128":{"start":{"line":420,"column":6},"end":{"line":420,"column":null}},"129":{"start":{"line":421,"column":6},"end":{"line":421,"column":11}},"130":{"start":{"line":423,"column":6},"end":{"line":423,"column":null}},"131":{"start":{"line":424,"column":6},"end":{"line":424,"column":null}},"132":{"start":{"line":425,"column":6},"end":{"line":425,"column":11}},"133":{"start":{"line":427,"column":6},"end":{"line":427,"column":null}},"134":{"start":{"line":428,"column":6},"end":{"line":428,"column":null}},"135":{"start":{"line":429,"column":6},"end":{"line":429,"column":11}},"136":{"start":{"line":431,"column":6},"end":{"line":431,"column":null}},"137":{"start":{"line":432,"column":6},"end":{"line":432,"column":null}},"138":{"start":{"line":433,"column":6},"end":{"line":433,"column":11}},"139":{"start":{"line":435,"column":6},"end":{"line":435,"column":null}},"140":{"start":{"line":436,"column":6},"end":{"line":436,"column":null}},"141":{"start":{"line":437,"column":6},"end":{"line":437,"column":11}},"142":{"start":{"line":441,"column":2},"end":{"line":443,"column":null}},"143":{"start":{"line":442,"column":4},"end":{"line":442,"column":null}},"144":{"start":{"line":445,"column":8},"end":{"line":445,"column":null}},"145":{"start":{"line":446,"column":2},"end":{"line":446,"column":null}},"146":{"start":{"line":447,"column":2},"end":{"line":447,"column":null}},"147":{"start":{"line":451,"column":2},"end":{"line":457,"column":null}},"148":{"start":{"line":452,"column":4},"end":{"line":452,"column":null}},"149":{"start":{"line":453,"column":4},"end":{"line":453,"column":null}},"150":{"start":{"line":454,"column":4},"end":{"line":454,"column":null}},"151":{"start":{"line":455,"column":4},"end":{"line":455,"column":null}},"152":{"start":{"line":456,"column":4},"end":{"line":456,"column":null}},"153":{"start":{"line":459,"column":6},"end":{"line":459,"column":10}},"154":{"start":{"line":460,"column":30},"end":{"line":460,"column":null}},"155":{"start":{"line":460,"column":10},"end":{"line":460,"column":30}},"156":{"start":{"line":461,"column":4},"end":{"line":463,"column":null}},"157":{"start":{"line":464,"column":4},"end":{"line":464,"column":null}},"158":{"start":{"line":467,"column":6},"end":{"line":467,"column":null}},"159":{"start":{"line":468,"column":2},"end":{"line":470,"column":null}},"160":{"start":{"line":469,"column":4},"end":{"line":469,"column":null}},"161":{"start":{"line":472,"column":8},"end":{"line":472,"column":null}},"162":{"start":{"line":473,"column":2},"end":{"line":476,"column":null}},"163":{"start":{"line":474,"column":4},"end":{"line":474,"column":null}},"164":{"start":{"line":475,"column":4},"end":{"line":475,"column":null}},"165":{"start":{"line":479,"column":2},"end":{"line":479,"column":null}},"166":{"start":{"line":480,"column":2},"end":{"line":480,"column":null}},"167":{"start":{"line":483,"column":8},"end":{"line":483,"column":null}},"168":{"start":{"line":483,"column":71},"end":{"line":483,"column":94}},"169":{"start":{"line":484,"column":2},"end":{"line":484,"column":null}},"170":{"start":{"line":486,"column":2},"end":{"line":490,"column":21}},"171":{"start":{"line":389,"column":0},"end":{"line":389,"column":22}},"172":{"start":{"line":496,"column":12},"end":{"line":496,"column":null}},"173":{"start":{"line":494,"column":2},"end":{"line":498,"column":null}},"174":{"start":{"line":511,"column":2},"end":{"line":516,"column":null}},"175":{"start":{"line":512,"column":4},"end":{"line":512,"column":null}},"176":{"start":{"line":513,"column":4},"end":{"line":515,"column":null}},"177":{"start":{"line":514,"column":6},"end":{"line":514,"column":null}},"178":{"start":{"line":518,"column":8},"end":{"line":518,"column":40}},"179":{"start":{"line":518,"column":6},"end":{"line":518,"column":7}},"180":{"start":{"line":519,"column":10},"end":{"line":519,"column":24}},"181":{"start":{"line":519,"column":24},"end":{"line":519,"column":36}},"182":{"start":{"line":519,"column":36},"end":{"line":519,"column":62}},"183":{"start":{"line":519,"column":4},"end":{"line":519,"column":null}},"184":{"start":{"line":520,"column":4},"end":{"line":520,"column":null}},"185":{"start":{"line":523,"column":21},"end":{"line":523,"column":null}},"186":{"start":{"line":523,"column":8},"end":{"line":523,"column":null}},"187":{"start":{"line":524,"column":2},"end":{"line":524,"column":null}},"188":{"start":{"line":510,"column":0},"end":{"line":510,"column":22}},"189":{"start":{"line":532,"column":2},"end":{"line":534,"column":null}},"190":{"start":{"line":533,"column":4},"end":{"line":533,"column":null}},"191":{"start":{"line":536,"column":17},"end":{"line":538,"column":4}},"192":{"start":{"line":539,"column":2},"end":{"line":541,"column":null}},"193":{"start":{"line":540,"column":4},"end":{"line":540,"column":null}},"194":{"start":{"line":545,"column":25},"end":{"line":550,"column":4}},"195":{"start":{"line":545,"column":53},"end":{"line":545,"column":54}},"196":{"start":{"line":545,"column":61},"end":{"line":545,"column":63}},"197":{"start":{"line":545,"column":66},"end":{"line":545,"column":67}},"198":{"start":{"line":546,"column":4},"end":{"line":548,"column":null}},"199":{"start":{"line":547,"column":6},"end":{"line":547,"column":null}},"200":{"start":{"line":549,"column":4},"end":{"line":549,"column":null}},"201":{"start":{"line":551,"column":15},"end":{"line":553,"column":4}},"202":{"start":{"line":554,"column":2},"end":{"line":556,"column":null}},"203":{"start":{"line":531,"column":0},"end":{"line":531,"column":16}},"204":{"start":{"line":561,"column":12},"end":{"line":561,"column":41}},"205":{"start":{"line":562,"column":2},"end":{"line":568,"column":null}},"206":{"start":{"line":577,"column":2},"end":{"line":577,"column":null}},"207":{"start":{"line":578,"column":2},"end":{"line":580,"column":null}},"208":{"start":{"line":579,"column":4},"end":{"line":579,"column":null}},"209":{"start":{"line":581,"column":2},"end":{"line":583,"column":null}},"210":{"start":{"line":582,"column":4},"end":{"line":582,"column":null}},"211":{"start":{"line":585,"column":2},"end":{"line":587,"column":null}},"212":{"start":{"line":586,"column":4},"end":{"line":586,"column":null}},"213":{"start":{"line":588,"column":2},"end":{"line":590,"column":null}},"214":{"start":{"line":589,"column":4},"end":{"line":589,"column":null}},"215":{"start":{"line":591,"column":2},"end":{"line":591,"column":null}},"216":{"start":{"line":594,"column":32},"end":{"line":594,"column":53}},"217":{"start":{"line":595,"column":19},"end":{"line":598,"column":null}},"218":{"start":{"line":600,"column":2},"end":{"line":602,"column":null}},"219":{"start":{"line":600,"column":21},"end":{"line":600,"column":33}},"220":{"start":{"line":600,"column":31},"end":{"line":600,"column":33}},"221":{"start":{"line":600,"column":17},"end":{"line":600,"column":21}},"222":{"start":{"line":601,"column":4},"end":{"line":601,"column":null}},"223":{"start":{"line":604,"column":2},"end":{"line":604,"column":null}},"224":{"start":{"line":608,"column":2},"end":{"line":610,"column":null}},"225":{"start":{"line":609,"column":4},"end":{"line":609,"column":10}},"226":{"start":{"line":611,"column":6},"end":{"line":611,"column":39}},"227":{"start":{"line":611,"column":2},"end":{"line":613,"column":null}},"228":{"start":{"line":612,"column":4},"end":{"line":612,"column":10}},"229":{"start":{"line":616,"column":8},"end":{"line":616,"column":null}},"230":{"start":{"line":617,"column":6},"end":{"line":617,"column":null}},"231":{"start":{"line":617,"column":6},"end":{"line":617,"column":12}},"232":{"start":{"line":618,"column":4},"end":{"line":618,"column":null}},"233":{"start":{"line":622,"column":34},"end":{"line":624,"column":1}},"234":{"start":{"line":623,"column":2},"end":{"line":623,"column":null}},"235":{"start":{"line":622,"column":13},"end":{"line":622,"column":34}},"236":{"start":{"line":631,"column":44},"end":{"line":669,"column":null}},"237":{"start":{"line":631,"column":61},"end":{"line":669,"column":null}},"238":{"start":{"line":633,"column":2},"end":{"line":635,"column":null}},"239":{"start":{"line":634,"column":4},"end":{"line":634,"column":null}},"240":{"start":{"line":637,"column":8},"end":{"line":646,"column":null}},"241":{"start":{"line":637,"column":25},"end":{"line":646,"column":null}},"242":{"start":{"line":639,"column":13},"end":{"line":639,"column":null}},"243":{"start":{"line":639,"column":6},"end":{"line":639,"column":null}},"244":{"start":{"line":641,"column":6},"end":{"line":643,"column":null}},"245":{"start":{"line":642,"column":8},"end":{"line":642,"column":null}},"246":{"start":{"line":645,"column":4},"end":{"line":645,"column":null}},"247":{"start":{"line":650,"column":8},"end":{"line":652,"column":null}},"248":{"start":{"line":651,"column":4},"end":{"line":651,"column":null}},"249":{"start":{"line":653,"column":2},"end":{"line":655,"column":null}},"250":{"start":{"line":654,"column":4},"end":{"line":654,"column":null}},"251":{"start":{"line":661,"column":6},"end":{"line":661,"column":12}},"252":{"start":{"line":662,"column":23},"end":{"line":662,"column":null}},"253":{"start":{"line":662,"column":10},"end":{"line":662,"column":null}},"254":{"start":{"line":663,"column":8},"end":{"line":663,"column":22}},"255":{"start":{"line":663,"column":8},"end":{"line":663,"column":18}},"256":{"start":{"line":663,"column":23},"end":{"line":663,"column":52}},"257":{"start":{"line":663,"column":22},"end":{"line":663,"column":54}},"258":{"start":{"line":663,"column":4},"end":{"line":665,"column":null}},"259":{"start":{"line":664,"column":6},"end":{"line":664,"column":null}},"260":{"start":{"line":668,"column":2},"end":{"line":668,"column":null}},"261":{"start":{"line":631,"column":13},"end":{"line":631,"column":44}}},"fnMap":{"0":{"name":"(anonymous_31)","decl":{"start":{"line":9,"column":0},"end":{"line":9,"column":12}},"loc":{"start":{"line":9,"column":20},"end":{"line":12,"column":1}}},"1":{"name":"(anonymous_32)","decl":{"start":{"line":14,"column":0},"end":{"line":14,"column":13}},"loc":{"start":{"line":14,"column":0},"end":{"line":16,"column":null}}},"2":{"name":"Optional","decl":{"start":{"line":15,"column":2},"end":{"line":15,"column":37}},"loc":{"start":{"line":15,"column":46},"end":{"line":15,"column":50}}},"3":{"name":"(anonymous_34)","decl":{"start":{"line":18,"column":0},"end":{"line":18,"column":12}},"loc":{"start":{"line":18,"column":20},"end":{"line":24,"column":1}}},"4":{"name":"(anonymous_35)","decl":{"start":{"line":26,"column":0},"end":{"line":26,"column":13}},"loc":{"start":{"line":26,"column":0},"end":{"line":26,"column":-1}}},"5":{"name":"(anonymous_37)","decl":{"start":{"line":215,"column":34},"end":{"line":215,"column":null}},"loc":{"start":{"line":215,"column":34},"end":{"line":242,"column":1}}},"6":{"name":"(anonymous_38)","decl":{"start":{"line":216,"column":49},"end":{"line":216,"column":50}},"loc":{"start":{"line":216,"column":55},"end":{"line":216,"column":61}}},"7":{"name":"(anonymous_39)","decl":{"start":{"line":218,"column":4},"end":{"line":218,"column":5}},"loc":{"start":{"line":218,"column":17},"end":{"line":218,"column":23}}},"8":{"name":"(anonymous_40)","decl":{"start":{"line":224,"column":21},"end":{"line":224,"column":22}},"loc":{"start":{"line":224,"column":28},"end":{"line":241,"column":3}}},"9":{"name":"(anonymous_41)","decl":{"start":{"line":231,"column":13},"end":{"line":231,"column":14}},"loc":{"start":{"line":231,"column":21},"end":{"line":237,"column":9}}},"10":{"name":"(anonymous_42)","decl":{"start":{"line":244,"column":21},"end":{"line":244,"column":null}},"loc":{"start":{"line":248,"column":3},"end":{"line":367,"column":1}}},"11":{"name":"(anonymous_43)","decl":{"start":{"line":250,"column":16},"end":{"line":250,"column":17}},"loc":{"start":{"line":250,"column":28},"end":{"line":255,"column":3}}},"12":{"name":"(anonymous_45)","decl":{"start":{"line":279,"column":50},"end":{"line":279,"column":51}},"loc":{"start":{"line":279,"column":56},"end":{"line":279,"column":62}}},"13":{"name":"(anonymous_46)","decl":{"start":{"line":364,"column":15},"end":{"line":364,"column":21}},"loc":{"start":{"line":364,"column":15},"end":{"line":364,"column":22}}},"14":{"name":"setDefaults","decl":{"start":{"line":389,"column":22},"end":{"line":389,"column":33}},"loc":{"start":{"line":389,"column":72},"end":{"line":491,"column":null}}},"15":{"name":"(anonymous_50)","decl":{"start":{"line":483,"column":64},"end":{"line":483,"column":65}},"loc":{"start":{"line":483,"column":66},"end":{"line":483,"column":72}}},"16":{"name":"defaultConfigFile","decl":{"start":{"line":493,"column":15},"end":{"line":493,"column":32}},"loc":{"start":{"line":493,"column":32},"end":{"line":499,"column":null}}},"17":{"name":"readConfigFile","decl":{"start":{"line":510,"column":22},"end":{"line":510,"column":36}},"loc":{"start":{"line":510,"column":56},"end":{"line":525,"column":null}}},"18":{"name":"parseConfigFile","decl":{"start":{"line":531,"column":16},"end":{"line":531,"column":31}},"loc":{"start":{"line":531,"column":70},"end":{"line":558,"column":1}}},"19":{"name":"(anonymous_58)","decl":{"start":{"line":545,"column":52},"end":{"line":545,"column":53}},"loc":{"start":{"line":545,"column":67},"end":{"line":550,"column":3}}},"20":{"name":"parseBindAddr","decl":{"start":{"line":560,"column":9},"end":{"line":560,"column":22}},"loc":{"start":{"line":560,"column":39},"end":{"line":569,"column":1}}},"21":{"name":"bindAddrFromArgs","decl":{"start":{"line":576,"column":9},"end":{"line":576,"column":25}},"loc":{"start":{"line":576,"column":48},"end":{"line":592,"column":1}}},"22":{"name":"bindAddrFromAllSources","decl":{"start":{"line":594,"column":9},"end":{"line":594,"column":31}},"loc":{"start":{"line":594,"column":31},"end":{"line":605,"column":1}}},"23":{"name":"copyOldMacOSDataDir","decl":{"start":{"line":607,"column":15},"end":{"line":607,"column":34}},"loc":{"start":{"line":607,"column":34},"end":{"line":620,"column":null}}},"24":{"name":"(anonymous_65)","decl":{"start":{"line":622,"column":34},"end":{"line":622,"column":35}},"loc":{"start":{"line":622,"column":45},"end":{"line":624,"column":1}}},"25":{"name":"(anonymous_66)","decl":{"start":{"line":631,"column":44},"end":{"line":631,"column":51}},"loc":{"start":{"line":631,"column":61},"end":{"line":669,"column":null}}},"26":{"name":"(anonymous_67)","decl":{"start":{"line":631,"column":61},"end":{"line":631,"column":null}},"loc":{"start":{"line":631,"column":61},"end":{"line":669,"column":null}}},"27":{"name":"(anonymous_69)","decl":{"start":{"line":637,"column":25},"end":{"line":637,"column":null}},"loc":{"start":{"line":637,"column":25},"end":{"line":646,"column":null}}},"28":{"name":"(anonymous_72)","decl":{"start":{"line":650,"column":64},"end":{"line":650,"column":65}},"loc":{"start":{"line":650,"column":74},"end":{"line":652,"column":3}}}},"branchMap":{"0":{"loc":{"start":{"line":9,"column":12},"end":{"line":9,"column":20}},"type":"binary-expr","locations":[{"start":{"line":9,"column":12},"end":{"line":9,"column":20}},{"start":{"line":9,"column":12},"end":{"line":9,"column":null}}]},"1":{"loc":{"start":{"line":18,"column":12},"end":{"line":18,"column":20}},"type":"binary-expr","locations":[{"start":{"line":18,"column":12},"end":{"line":18,"column":20}},{"start":{"line":18,"column":12},"end":{"line":18,"column":null}}]},"2":{"loc":{"start":{"line":219,"column":35},"end":{"line":219,"column":43}},"type":"cond-expr","locations":[{"start":{"line":219,"column":35},"end":{"line":219,"column":43}},{"start":{"line":219,"column":46},"end":{"line":219,"column":55}}]},"3":{"loc":{"start":{"line":220,"column":54},"end":{"line":220,"column":68}},"type":"cond-expr","locations":[{"start":{"line":220,"column":54},"end":{"line":220,"column":68}},{"start":{"line":220,"column":71},"end":{"line":220,"column":81}}]},"4":{"loc":{"start":{"line":220,"column":13},"end":{"line":220,"column":20}},"type":"binary-expr","locations":[{"start":{"line":220,"column":13},"end":{"line":220,"column":20}},{"start":{"line":220,"column":24},"end":{"line":220,"column":51}}]},"5":{"loc":{"start":{"line":225,"column":57},"end":{"line":225,"column":71}},"type":"cond-expr","locations":[{"start":{"line":225,"column":57},"end":{"line":225,"column":71}},{"start":{"line":225,"column":74},"end":{"line":225,"column":75}}]},"6":{"loc":{"start":{"line":225,"column":90},"end":{"line":225,"column":103}},"type":"cond-expr","locations":[{"start":{"line":225,"column":90},"end":{"line":225,"column":103}},{"start":{"line":225,"column":106},"end":{"line":225,"column":109}}]},"7":{"loc":{"start":{"line":228,"column":19},"end":{"line":228,"column":null}},"type":"cond-expr","locations":[{"start":{"line":228,"column":19},"end":{"line":228,"column":null}},{"start":{"line":228,"column":19},"end":{"line":238,"column":19}}]},"8":{"loc":{"start":{"line":227,"column":10},"end":{"line":228,"column":null}},"type":"binary-expr","locations":[{"start":{"line":227,"column":10},"end":{"line":228,"column":null}},{"start":{"line":228,"column":19},"end":{"line":228,"column":null}}]},"9":{"loc":{"start":{"line":233,"column":10},"end":{"line":235,"column":null}},"type":"if","locations":[{"start":{"line":233,"column":10},"end":{"line":235,"column":null}},{"start":{"line":233,"column":10},"end":{"line":235,"column":null}}]},"10":{"loc":{"start":{"line":234,"column":66},"end":{"line":234,"column":75}},"type":"cond-expr","locations":[{"start":{"line":234,"column":66},"end":{"line":234,"column":75}},{"start":{"line":234,"column":78},"end":{"line":234,"column":80}}]},"11":{"loc":{"start":{"line":239,"column":36},"end":{"line":239,"column":76}},"type":"cond-expr","locations":[{"start":{"line":239,"column":36},"end":{"line":239,"column":76}},{"start":{"line":239,"column":79},"end":{"line":239,"column":81}}]},"12":{"loc":{"start":{"line":251,"column":4},"end":{"line":253,"column":null}},"type":"if","locations":[{"start":{"line":251,"column":4},"end":{"line":253,"column":null}},{"start":{"line":251,"column":4},"end":{"line":253,"column":null}}]},"13":{"loc":{"start":{"line":251,"column":12},"end":{"line":251,"column":14}},"type":"cond-expr","locations":[{"start":{"line":251,"column":12},"end":{"line":251,"column":14}},{"start":{"line":251,"column":8},"end":{"line":251,"column":24}}]},"14":{"loc":{"start":{"line":251,"column":8},"end":{"line":251,"column":14}},"type":"binary-expr","locations":[{"start":{"line":251,"column":8},"end":{"line":251,"column":14}},{"start":{"line":251,"column":8},"end":{"line":251,"column":14}}]},"15":{"loc":{"start":{"line":264,"column":4},"end":{"line":267,"column":null}},"type":"if","locations":[{"start":{"line":264,"column":4},"end":{"line":267,"column":null}},{"start":{"line":264,"column":4},"end":{"line":267,"column":null}}]},"16":{"loc":{"start":{"line":264,"column":8},"end":{"line":264,"column":14}},"type":"binary-expr","locations":[{"start":{"line":264,"column":8},"end":{"line":264,"column":14}},{"start":{"line":264,"column":18},"end":{"line":264,"column":30}}]},"17":{"loc":{"start":{"line":270,"column":4},"end":{"line":353,"column":null}},"type":"if","locations":[{"start":{"line":270,"column":4},"end":{"line":353,"column":null}},{"start":{"line":270,"column":4},"end":{"line":353,"column":null}}]},"18":{"loc":{"start":{"line":270,"column":8},"end":{"line":270,"column":14}},"type":"binary-expr","locations":[{"start":{"line":270,"column":8},"end":{"line":270,"column":14}},{"start":{"line":270,"column":18},"end":{"line":270,"column":37}}]},"19":{"loc":{"start":{"line":273,"column":6},"end":{"line":283,"column":null}},"type":"if","locations":[{"start":{"line":273,"column":6},"end":{"line":283,"column":null}},{"start":{"line":273,"column":6},"end":{"line":283,"column":null}}]},"20":{"loc":{"start":{"line":280,"column":8},"end":{"line":282,"column":null}},"type":"if","locations":[{"start":{"line":280,"column":8},"end":{"line":282,"column":null}},{"start":{"line":280,"column":8},"end":{"line":282,"column":null}}]},"21":{"loc":{"start":{"line":285,"column":6},"end":{"line":287,"column":null}},"type":"if","locations":[{"start":{"line":285,"column":6},"end":{"line":287,"column":null}},{"start":{"line":285,"column":6},"end":{"line":287,"column":null}}]},"22":{"loc":{"start":{"line":285,"column":10},"end":{"line":285,"column":14}},"type":"binary-expr","locations":[{"start":{"line":285,"column":10},"end":{"line":285,"column":14}},{"start":{"line":285,"column":18},"end":{"line":285,"column":31}}]},"23":{"loc":{"start":{"line":289,"column":6},"end":{"line":291,"column":null}},"type":"if","locations":[{"start":{"line":289,"column":6},"end":{"line":291,"column":null}},{"start":{"line":289,"column":6},"end":{"line":291,"column":null}}]},"24":{"loc":{"start":{"line":289,"column":10},"end":{"line":289,"column":28}},"type":"binary-expr","locations":[{"start":{"line":289,"column":10},"end":{"line":289,"column":28}},{"start":{"line":289,"column":32},"end":{"line":289,"column":51}}]},"25":{"loc":{"start":{"line":289,"column":37},"end":{"line":289,"column":39}},"type":"cond-expr","locations":[{"start":{"line":289,"column":37},"end":{"line":289,"column":39}},{"start":{"line":289,"column":33},"end":{"line":289,"column":49}}]},"26":{"loc":{"start":{"line":289,"column":33},"end":{"line":289,"column":39}},"type":"binary-expr","locations":[{"start":{"line":289,"column":33},"end":{"line":289,"column":39}},{"start":{"line":289,"column":33},"end":{"line":289,"column":39}}]},"27":{"loc":{"start":{"line":293,"column":6},"end":{"line":295,"column":null}},"type":"if","locations":[{"start":{"line":293,"column":6},"end":{"line":295,"column":null}},{"start":{"line":293,"column":6},"end":{"line":295,"column":null}}]},"28":{"loc":{"start":{"line":293,"column":10},"end":{"line":293,"column":35}},"type":"binary-expr","locations":[{"start":{"line":293,"column":10},"end":{"line":293,"column":35}},{"start":{"line":293,"column":39},"end":{"line":293,"column":58}}]},"29":{"loc":{"start":{"line":293,"column":44},"end":{"line":293,"column":46}},"type":"cond-expr","locations":[{"start":{"line":293,"column":44},"end":{"line":293,"column":46}},{"start":{"line":293,"column":40},"end":{"line":293,"column":56}}]},"30":{"loc":{"start":{"line":293,"column":40},"end":{"line":293,"column":46}},"type":"binary-expr","locations":[{"start":{"line":293,"column":40},"end":{"line":293,"column":46}},{"start":{"line":293,"column":40},"end":{"line":293,"column":46}}]},"31":{"loc":{"start":{"line":298,"column":6},"end":{"line":301,"column":null}},"type":"if","locations":[{"start":{"line":298,"column":6},"end":{"line":301,"column":null}},{"start":{"line":298,"column":6},"end":{"line":301,"column":null}}]},"32":{"loc":{"start":{"line":304,"column":6},"end":{"line":307,"column":null}},"type":"if","locations":[{"start":{"line":304,"column":6},"end":{"line":307,"column":null}},{"start":{"line":304,"column":6},"end":{"line":307,"column":null}}]},"33":{"loc":{"start":{"line":306,"column":62},"end":{"line":306,"column":71}},"type":"cond-expr","locations":[{"start":{"line":306,"column":62},"end":{"line":306,"column":71}},{"start":{"line":306,"column":74},"end":{"line":306,"column":83}}]},"34":{"loc":{"start":{"line":306,"column":16},"end":{"line":306,"column":27}},"type":"binary-expr","locations":[{"start":{"line":306,"column":16},"end":{"line":306,"column":27}},{"start":{"line":306,"column":31},"end":{"line":306,"column":59}}]},"35":{"loc":{"start":{"line":309,"column":6},"end":{"line":314,"column":null}},"type":"if","locations":[{"start":{"line":309,"column":6},"end":{"line":314,"column":null}},{"start":{"line":309,"column":6},"end":{"line":314,"column":null}}]},"36":{"loc":{"start":{"line":309,"column":10},"end":{"line":309,"column":16}},"type":"binary-expr","locations":[{"start":{"line":309,"column":10},"end":{"line":309,"column":16}},{"start":{"line":309,"column":20},"end":{"line":309,"column":50}}]},"37":{"loc":{"start":{"line":312,"column":13},"end":{"line":314,"column":null}},"type":"if","locations":[{"start":{"line":312,"column":13},"end":{"line":314,"column":null}},{"start":{"line":312,"column":13},"end":{"line":314,"column":null}}]},"38":{"loc":{"start":{"line":316,"column":6},"end":{"line":318,"column":null}},"type":"if","locations":[{"start":{"line":316,"column":6},"end":{"line":318,"column":null}},{"start":{"line":316,"column":6},"end":{"line":318,"column":null}}]},"39":{"loc":{"start":{"line":316,"column":10},"end":{"line":316,"column":40}},"type":"binary-expr","locations":[{"start":{"line":316,"column":10},"end":{"line":316,"column":40}},{"start":{"line":316,"column":44},"end":{"line":316,"column":61}}]},"40":{"loc":{"start":{"line":320,"column":6},"end":{"line":322,"column":null}},"type":"if","locations":[{"start":{"line":320,"column":6},"end":{"line":322,"column":null}},{"start":{"line":320,"column":6},"end":{"line":322,"column":null}}]},"41":{"loc":{"start":{"line":325,"column":8},"end":{"line":327,"column":15}},"type":"switch","locations":[{"start":{"line":325,"column":8},"end":{"line":327,"column":15}},{"start":{"line":328,"column":8},"end":{"line":333,"column":15}},{"start":{"line":334,"column":8},"end":{"line":339,"column":15}},{"start":{"line":340,"column":8},"end":{"line":342,"column":15}},{"start":{"line":343,"column":8},"end":{"line":349,"column":null}}]},"42":{"loc":{"start":{"line":329,"column":10},"end":{"line":331,"column":null}},"type":"if","locations":[{"start":{"line":329,"column":10},"end":{"line":331,"column":null}},{"start":{"line":329,"column":10},"end":{"line":331,"column":null}}]},"43":{"loc":{"start":{"line":336,"column":10},"end":{"line":338,"column":null}},"type":"if","locations":[{"start":{"line":336,"column":10},"end":{"line":338,"column":null}},{"start":{"line":336,"column":10},"end":{"line":338,"column":null}}]},"44":{"loc":{"start":{"line":344,"column":10},"end":{"line":346,"column":null}},"type":"if","locations":[{"start":{"line":344,"column":10},"end":{"line":346,"column":null}},{"start":{"line":344,"column":10},"end":{"line":346,"column":null}}]},"45":{"loc":{"start":{"line":360,"column":2},"end":{"line":362,"column":null}},"type":"if","locations":[{"start":{"line":360,"column":2},"end":{"line":362,"column":null}},{"start":{"line":360,"column":2},"end":{"line":362,"column":null}}]},"46":{"loc":{"start":{"line":360,"column":6},"end":{"line":360,"column":15}},"type":"binary-expr","locations":[{"start":{"line":360,"column":6},"end":{"line":360,"column":15}},{"start":{"line":360,"column":19},"end":{"line":360,"column":34}},{"start":{"line":360,"column":38},"end":{"line":360,"column":55}}]},"47":{"loc":{"start":{"line":390,"column":33},"end":{"line":390,"column":43}},"type":"binary-expr","locations":[{"start":{"line":390,"column":33},"end":{"line":390,"column":43}},{"start":{"line":390,"column":47},"end":{"line":390,"column":49}}]},"48":{"loc":{"start":{"line":392,"column":6},"end":{"line":392,"column":7}},"type":"if","locations":[{"start":{"line":392,"column":6},"end":{"line":392,"column":7}},{"start":{"line":392,"column":6},"end":{"line":392,"column":7}}]},"49":{"loc":{"start":{"line":397,"column":2},"end":{"line":399,"column":null}},"type":"if","locations":[{"start":{"line":397,"column":2},"end":{"line":399,"column":null}},{"start":{"line":397,"column":2},"end":{"line":399,"column":null}}]},"50":{"loc":{"start":{"line":403,"column":2},"end":{"line":411,"column":null}},"type":"if","locations":[{"start":{"line":403,"column":2},"end":{"line":411,"column":null}},{"start":{"line":403,"column":2},"end":{"line":411,"column":null}}]},"51":{"loc":{"start":{"line":405,"column":9},"end":{"line":411,"column":null}},"type":"if","locations":[{"start":{"line":405,"column":9},"end":{"line":411,"column":null}},{"start":{"line":405,"column":9},"end":{"line":411,"column":null}}]},"52":{"loc":{"start":{"line":406,"column":4},"end":{"line":406,"column":13}},"type":"binary-expr","locations":[{"start":{"line":406,"column":4},"end":{"line":406,"column":13}},{"start":{"line":407,"column":4},"end":{"line":407,"column":25}},{"start":{"line":408,"column":4},"end":{"line":408,"column":71}}]},"53":{"loc":{"start":{"line":414,"column":2},"end":{"line":416,"column":null}},"type":"if","locations":[{"start":{"line":414,"column":2},"end":{"line":416,"column":null}},{"start":{"line":414,"column":2},"end":{"line":416,"column":null}}]},"54":{"loc":{"start":{"line":418,"column":4},"end":{"line":421,"column":11}},"type":"switch","locations":[{"start":{"line":418,"column":4},"end":{"line":421,"column":11}},{"start":{"line":422,"column":4},"end":{"line":425,"column":11}},{"start":{"line":426,"column":4},"end":{"line":429,"column":11}},{"start":{"line":430,"column":4},"end":{"line":433,"column":11}},{"start":{"line":434,"column":4},"end":{"line":437,"column":11}}]},"55":{"loc":{"start":{"line":441,"column":2},"end":{"line":443,"column":null}},"type":"if","locations":[{"start":{"line":441,"column":2},"end":{"line":443,"column":null}},{"start":{"line":441,"column":2},"end":{"line":443,"column":null}}]},"56":{"loc":{"start":{"line":445,"column":38},"end":{"line":445,"column":48}},"type":"binary-expr","locations":[{"start":{"line":445,"column":38},"end":{"line":445,"column":48}},{"start":{"line":445,"column":52},"end":{"line":445,"column":61}}]},"57":{"loc":{"start":{"line":451,"column":2},"end":{"line":457,"column":null}},"type":"if","locations":[{"start":{"line":451,"column":2},"end":{"line":457,"column":null}},{"start":{"line":451,"column":2},"end":{"line":457,"column":null}}]},"58":{"loc":{"start":{"line":459,"column":6},"end":{"line":459,"column":10}},"type":"if","locations":[{"start":{"line":459,"column":6},"end":{"line":459,"column":10}},{"start":{"line":459,"column":6},"end":{"line":459,"column":10}}]},"59":{"loc":{"start":{"line":459,"column":6},"end":{"line":459,"column":15}},"type":"binary-expr","locations":[{"start":{"line":459,"column":6},"end":{"line":459,"column":15}},{"start":{"line":459,"column":19},"end":{"line":459,"column":35}}]},"60":{"loc":{"start":{"line":460,"column":56},"end":{"line":460,"column":73}},"type":"binary-expr","locations":[{"start":{"line":460,"column":56},"end":{"line":460,"column":73}},{"start":{"line":460,"column":77},"end":{"line":460,"column":88}}]},"61":{"loc":{"start":{"line":468,"column":2},"end":{"line":470,"column":null}},"type":"if","locations":[{"start":{"line":468,"column":2},"end":{"line":470,"column":null}},{"start":{"line":468,"column":2},"end":{"line":470,"column":null}}]},"62":{"loc":{"start":{"line":473,"column":2},"end":{"line":476,"column":null}},"type":"if","locations":[{"start":{"line":473,"column":2},"end":{"line":476,"column":null}},{"start":{"line":473,"column":2},"end":{"line":476,"column":null}}]},"63":{"loc":{"start":{"line":483,"column":32},"end":{"line":483,"column":52}},"type":"binary-expr","locations":[{"start":{"line":483,"column":32},"end":{"line":483,"column":52}},{"start":{"line":483,"column":56},"end":{"line":483,"column":58}}]},"64":{"loc":{"start":{"line":494,"column":2},"end":{"line":498,"column":null}},"type":"switch","locations":[{"start":{"line":494,"column":2},"end":{"line":498,"column":null}}]},"65":{"loc":{"start":{"line":519,"column":4},"end":{"line":519,"column":null}},"type":"switch","locations":[{"start":{"line":519,"column":4},"end":{"line":519,"column":null}},{"start":{"line":523,"column":21},"end":{"line":523,"column":null}}]},"66":{"loc":{"start":{"line":511,"column":2},"end":{"line":516,"column":null}},"type":"if","locations":[{"start":{"line":511,"column":2},"end":{"line":516,"column":null}},{"start":{"line":511,"column":2},"end":{"line":516,"column":null}}]},"67":{"loc":{"start":{"line":513,"column":4},"end":{"line":515,"column":null}},"type":"if","locations":[{"start":{"line":513,"column":4},"end":{"line":515,"column":null}},{"start":{"line":513,"column":4},"end":{"line":515,"column":null}}]},"68":{"loc":{"start":{"line":518,"column":6},"end":{"line":518,"column":7}},"type":"if","locations":[{"start":{"line":518,"column":6},"end":{"line":518,"column":7}},{"start":{"line":518,"column":6},"end":{"line":518,"column":7}}]},"69":{"loc":{"start":{"line":532,"column":2},"end":{"line":534,"column":null}},"type":"if","locations":[{"start":{"line":532,"column":2},"end":{"line":534,"column":null}},{"start":{"line":532,"column":2},"end":{"line":534,"column":null}}]},"70":{"loc":{"start":{"line":539,"column":2},"end":{"line":541,"column":null}},"type":"if","locations":[{"start":{"line":539,"column":2},"end":{"line":541,"column":null}},{"start":{"line":539,"column":2},"end":{"line":541,"column":null}}]},"71":{"loc":{"start":{"line":539,"column":6},"end":{"line":539,"column":13}},"type":"binary-expr","locations":[{"start":{"line":539,"column":6},"end":{"line":539,"column":13}},{"start":{"line":539,"column":17},"end":{"line":539,"column":43}}]},"72":{"loc":{"start":{"line":546,"column":4},"end":{"line":548,"column":null}},"type":"if","locations":[{"start":{"line":546,"column":4},"end":{"line":548,"column":null}},{"start":{"line":546,"column":4},"end":{"line":548,"column":null}}]},"73":{"loc":{"start":{"line":567,"column":19},"end":{"line":567,"column":39}},"type":"cond-expr","locations":[{"start":{"line":567,"column":19},"end":{"line":567,"column":39}},{"start":{"line":567,"column":42},"end":{"line":567,"column":44}}]},"74":{"loc":{"start":{"line":578,"column":2},"end":{"line":580,"column":null}},"type":"if","locations":[{"start":{"line":578,"column":2},"end":{"line":580,"column":null}},{"start":{"line":578,"column":2},"end":{"line":580,"column":null}}]},"75":{"loc":{"start":{"line":581,"column":2},"end":{"line":583,"column":null}},"type":"if","locations":[{"start":{"line":581,"column":2},"end":{"line":583,"column":null}},{"start":{"line":581,"column":2},"end":{"line":583,"column":null}}]},"76":{"loc":{"start":{"line":585,"column":2},"end":{"line":587,"column":null}},"type":"if","locations":[{"start":{"line":585,"column":2},"end":{"line":587,"column":null}},{"start":{"line":585,"column":2},"end":{"line":587,"column":null}}]},"77":{"loc":{"start":{"line":588,"column":2},"end":{"line":590,"column":null}},"type":"if","locations":[{"start":{"line":588,"column":2},"end":{"line":590,"column":null}},{"start":{"line":588,"column":2},"end":{"line":590,"column":null}}]},"78":{"loc":{"start":{"line":608,"column":2},"end":{"line":610,"column":null}},"type":"if","locations":[{"start":{"line":608,"column":2},"end":{"line":610,"column":null}},{"start":{"line":608,"column":2},"end":{"line":610,"column":null}}]},"79":{"loc":{"start":{"line":611,"column":2},"end":{"line":613,"column":null}},"type":"if","locations":[{"start":{"line":611,"column":2},"end":{"line":613,"column":null}},{"start":{"line":611,"column":2},"end":{"line":613,"column":null}}]},"80":{"loc":{"start":{"line":617,"column":6},"end":{"line":617,"column":12}},"type":"if","locations":[{"start":{"line":617,"column":6},"end":{"line":617,"column":12}},{"start":{"line":617,"column":6},"end":{"line":617,"column":12}}]},"81":{"loc":{"start":{"line":623,"column":9},"end":{"line":623,"column":34}},"type":"binary-expr","locations":[{"start":{"line":623,"column":9},"end":{"line":623,"column":34}},{"start":{"line":623,"column":38},"end":{"line":623,"column":65}},{"start":{"line":623,"column":69},"end":{"line":623,"column":98}}]},"82":{"loc":{"start":{"line":668,"column":2},"end":{"line":668,"column":null}},"type":"switch","locations":[{"start":{"line":668,"column":2},"end":{"line":668,"column":null}}]},"83":{"loc":{"start":{"line":633,"column":2},"end":{"line":635,"column":null}},"type":"if","locations":[{"start":{"line":633,"column":2},"end":{"line":635,"column":null}},{"start":{"line":633,"column":2},"end":{"line":635,"column":null}}]},"84":{"loc":{"start":{"line":639,"column":6},"end":{"line":639,"column":null}},"type":"switch","locations":[{"start":{"line":639,"column":6},"end":{"line":639,"column":null}},{"start":{"line":645,"column":4},"end":{"line":645,"column":null}}]},"85":{"loc":{"start":{"line":641,"column":6},"end":{"line":643,"column":null}},"type":"if","locations":[{"start":{"line":641,"column":6},"end":{"line":643,"column":null}},{"start":{"line":641,"column":6},"end":{"line":643,"column":null}}]},"86":{"loc":{"start":{"line":651,"column":37},"end":{"line":651,"column":45}},"type":"cond-expr","locations":[{"start":{"line":651,"column":37},"end":{"line":651,"column":45}},{"start":{"line":651,"column":48},"end":{"line":651,"column":52}}]},"87":{"loc":{"start":{"line":653,"column":2},"end":{"line":655,"column":null}},"type":"if","locations":[{"start":{"line":653,"column":2},"end":{"line":655,"column":null}},{"start":{"line":653,"column":2},"end":{"line":655,"column":null}}]},"88":{"loc":{"start":{"line":661,"column":6},"end":{"line":661,"column":12}},"type":"if","locations":[{"start":{"line":661,"column":6},"end":{"line":661,"column":12}},{"start":{"line":661,"column":6},"end":{"line":661,"column":12}}]},"89":{"loc":{"start":{"line":661,"column":6},"end":{"line":661,"column":36}},"type":"binary-expr","locations":[{"start":{"line":661,"column":6},"end":{"line":661,"column":36}},{"start":{"line":661,"column":40},"end":{"line":661,"column":57}}]},"90":{"loc":{"start":{"line":663,"column":8},"end":{"line":663,"column":18}},"type":"if","locations":[{"start":{"line":663,"column":8},"end":{"line":663,"column":18}},{"start":{"line":663,"column":8},"end":{"line":663,"column":18}}]},"91":{"loc":{"start":{"line":663,"column":4},"end":{"line":665,"column":null}},"type":"if","locations":[{"start":{"line":663,"column":4},"end":{"line":665,"column":null}},{"start":{"line":663,"column":4},"end":{"line":665,"column":null}}]}},"s":{"0":2,"1":2,"2":2,"3":2,"4":2,"5":2,"6":2,"7":2,"8":2,"9":2,"10":7,"11":2,"12":2,"13":2,"14":2,"15":2,"16":2,"17":2,"18":2,"19":2,"20":2,"21":2,"22":2,"23":2,"24":2,"25":0,"26":0,"27":0,"28":0,"29":0,"30":0,"31":0,"32":0,"33":0,"34":0,"35":0,"36":0,"37":0,"38":0,"39":0,"40":0,"41":0,"42":0,"43":0,"44":2,"45":2,"46":31,"47":11,"48":0,"49":11,"50":31,"51":31,"52":67,"53":67,"54":1,"55":179,"56":66,"57":58,"58":58,"59":58,"60":56,"61":56,"62":56,"63":2,"64":2,"65":54,"66":54,"67":54,"68":2,"69":2,"70":58,"71":2,"72":56,"73":0,"74":56,"75":0,"76":56,"77":56,"78":9,"79":47,"80":37,"81":47,"82":3,"83":44,"84":6,"85":38,"86":38,"87":13,"88":38,"89":14,"90":14,"91":8,"92":5,"93":8,"94":8,"95":3,"96":3,"97":1,"98":2,"99":4,"100":4,"101":9,"102":2,"103":7,"104":7,"105":8,"106":31,"107":31,"108":20,"109":1,"110":19,"111":12,"112":19,"113":2,"114":13,"115":13,"116":26,"117":13,"118":13,"119":13,"120":13,"121":1,"122":12,"123":2,"124":13,"125":5,"126":13,"127":2,"128":2,"129":2,"130":1,"131":1,"132":1,"133":2,"134":2,"135":2,"136":0,"137":0,"138":0,"139":0,"140":0,"141":0,"142":13,"143":11,"144":13,"145":13,"146":13,"147":13,"148":1,"149":1,"150":1,"151":1,"152":1,"153":25,"154":1,"155":1,"156":1,"157":1,"158":13,"159":13,"160":1,"161":13,"162":13,"163":1,"164":1,"165":13,"166":13,"167":13,"168":3,"169":13,"170":13,"171":2,"172":0,"173":0,"174":0,"175":0,"176":0,"177":0,"178":0,"179":0,"180":0,"181":0,"182":0,"183":0,"184":0,"185":0,"186":0,"187":0,"188":2,"189":2,"190":2,"191":0,"192":0,"193":0,"194":0,"195":0,"196":0,"197":0,"198":0,"199":0,"200":0,"201":0,"202":0,"203":2,"204":2,"205":2,"206":26,"207":26,"208":2,"209":26,"210":1,"211":26,"212":0,"213":26,"214":1,"215":26,"216":52,"217":13,"218":13,"219":13,"220":13,"221":26,"222":26,"223":13,"224":13,"225":0,"226":13,"227":13,"228":13,"229":0,"230":0,"231":0,"232":0,"233":2,"234":0,"235":2,"236":2,"237":13,"238":13,"239":2,"240":11,"241":9,"242":9,"243":9,"244":3,"245":0,"246":3,"247":11,"248":22,"249":11,"250":6,"251":7,"252":3,"253":3,"254":3,"255":4,"256":2,"257":2,"258":3,"259":1,"260":4,"261":2},"f":{"0":2,"1":2,"2":7,"3":2,"4":9,"5":0,"6":0,"7":0,"8":0,"9":0,"10":31,"11":11,"12":54,"13":12,"14":13,"15":3,"16":0,"17":0,"18":2,"19":0,"20":2,"21":26,"22":13,"23":13,"24":0,"25":13,"26":13,"27":18,"28":22},"b":{"0":[2,2],"1":[2,2],"2":[0,0],"3":[0,0],"4":[0,0],"5":[0,0],"6":[0,0],"7":[0,0],"8":[0,0],"9":[0,0],"10":[0,0],"11":[0,0],"12":[0,11],"13":[11,0],"14":[11,11],"15":[1,66],"16":[67,65],"17":[58,8],"18":[66,64],"19":[56,2],"20":[2,0],"21":[2,56],"22":[58,58],"23":[0,56],"24":[56,0],"25":[0,0],"26":[0,0],"27":[0,56],"28":[56,0],"29":[0,0],"30":[0,0],"31":[9,47],"32":[37,10],"33":[29,8],"34":[37,33],"35":[3,44],"36":[47,9],"37":[6,38],"38":[0,38],"39":[38,4],"40":[13,25],"41":[14,8,3,4,9],"42":[5,3],"43":[1,2],"44":[2,7],"45":[1,19],"46":[20,5,3],"47":[13,11],"48":[0,13],"49":[13,0],"50":[1,12],"51":[2,10],"52":[12,10,3],"53":[5,8],"54":[2,1,2,0,0],"55":[11,2],"56":[13,11],"57":[1,12],"58":[12,1],"59":[13,1],"60":[1,1],"61":[1,12],"62":[1,12],"63":[13,12],"64":[0],"65":[0,0],"66":[0,0],"67":[0,0],"68":[0,0],"69":[2,0],"70":[0,0],"71":[0,0],"72":[0,0],"73":[2,0],"74":[2,24],"75":[1,25],"76":[0,26],"77":[1,25],"78":[0,13],"79":[13,0],"80":[0,0],"81":[0,0,0],"82":[4],"83":[2,11],"84":[9,3],"85":[0,3],"86":[6,16],"87":[6,5],"88":[2,3],"89":[5,4],"9
[...]
"end":{"line":222,"column":51}},"92":{"start":{"line":210,"column":9},"end":{"line":210,"column":null}},"93":{"start":{"line":217,"column":21},"end":{"line":217,"column":null}},"94":{"start":{"line":218,"column":21},"end":{"line":218,"column":null}},"95":{"start":{"line":225,"column":4},"end":{"line":228,"column":null}},"96":{"start":{"line":225,"column":26},"end":{"line":228,"column":6}},"97":{"start":{"line":226,"column":6},"end":{"line":226,"column":null}},"98":{"start":{"line":227,"column":6},"end":{"line":227,"column":null}},"99":{"start":{"line":230,"column":17},"end":{"line":233,"column":null}},"100":{"start":{"line":234,"column":4},"end":{"line":234,"column":null}},"101":{"start":{"line":235,"column":4},"end":{"line":235,"column":null}},"102":{"start":{"line":237,"column":4},"end":{"line":239,"column":null}},"103":{"start":{"line":238,"column":6},"end":{"line":238,"column":null}},"104":{"start":{"line":241,"column":4},"end":{"line":252,"column":null}},"105":{"start":{"line":242,"column":6},"end":{"line":251,"column":null}},"106":{"start":{"line":244,"column":10},"end":{"line":244,"column":null}},"107":{"start":{"line":245,"column":10},"end":{"line":245,"column":null}},"108":{"start":{"line":246,"column":10},"end":{"line":246,"column":null}},"109":{"start":{"line":247,"column":10},"end":{"line":247,"column":15}},"110":{"start":{"line":249,"column":10},"end":{"line":249,"column":null}},"111":{"start":{"line":250,"column":10},"end":{"line":250,"column":15}},"112":{"start":{"line":255,"column":10},"end":{"line":261,"column":null}},"113":{"start":{"line":256,"column":4},"end":{"line":256,"column":null}},"114":{"start":{"line":257,"column":4},"end":{"line":260,"column":null}},"115":{"start":{"line":258,"column":6},"end":{"line":258,"column":null}},"116":{"start":{"line":259,"column":6},"end":{"line":259,"column":null}},"117":{"start":{"line":263,"column":16},"end":{"line":272,"column":null}},"118":{"start":{"line":264,"column":4},"end":{"line":264,"column":null}},"119":{"start":{"line":266,"column":6},"end":{"line":266,"column":null}},"120":{"start":{"line":267,"column":6},"end":{"line":267,"column":null}},"121":{"start":{"line":269,"column":6},"end":{"line":269,"column":null}},"122":{"start":{"line":270,"column":6},"end":{"line":270,"column":null}},"123":{"start":{"line":274,"column":9},"end":{"line":281,"column":null}},"124":{"start":{"line":276,"column":4},"end":{"line":276,"column":null}},"125":{"start":{"line":277,"column":4},"end":{"line":279,"column":null}},"126":{"start":{"line":278,"column":6},"end":{"line":278,"column":null}},"127":{"start":{"line":280,"column":4},"end":{"line":280,"column":null}},"128":{"start":{"line":283,"column":16},"end":{"line":305,"column":null}},"129":{"start":{"line":284,"column":10},"end":{"line":284,"column":null}},"130":{"start":{"line":285,"column":4},"end":{"line":285,"column":null}},"131":{"start":{"line":288,"column":4},"end":{"line":291,"column":null}},"132":{"start":{"line":289,"column":6},"end":{"line":289,"column":null}},"133":{"start":{"line":290,"column":6},"end":{"line":290,"column":null}},"134":{"start":{"line":292,"column":4},"end":{"line":295,"column":null}},"135":{"start":{"line":293,"column":6},"end":{"line":293,"column":null}},"136":{"start":{"line":294,"column":6},"end":{"line":294,"column":null}},"137":{"start":{"line":297,"column":4},"end":{"line":297,"column":null}},"138":{"start":{"line":299,"column":4},"end":{"line":299,"column":null}},"139":{"start":{"line":301,"column":4},"end":{"line":304,"column":null}},"140":{"start":{"line":302,"column":6},"end":{"line":302,"column":null}},"141":{"start":{"line":303,"column":6},"end":{"line":303,"column":null}},"142":{"start":{"line":307,"column":10},"end":{"line":317,"column":null}},"143":{"start":{"line":309,"column":4},"end":{"line":316,"column":null}},"144":{"start":{"line":322,"column":16},"end":{"line":334,"column":null}},"145":{"start":{"line":323,"column":4},"end":{"line":325,"column":null}},"146":{"start":{"line":324,"column":6},"end":{"line":324,"column":null}},"147":{"start":{"line":326,"column":4},"end":{"line":332,"column":null}},"148":{"start":{"line":329,"column":8},"end":{"line":329,"column":null}},"149":{"start":{"line":333,"column":4},"end":{"line":333,"column":null}},"150":{"start":{"line":339,"column":10},"end":{"line":341,"column":null}},"151":{"start":{"line":340,"column":4},"end":{"line":340,"column":null}},"152":{"start":{"line":342,"column":0},"end":{"line":342,"column":null}},"153":{"start":{"line":209,"column":13},"end":{"line":209,"column":26}},"154":{"start":{"line":347,"column":13},"end":{"line":350,"column":null}},"155":{"start":{"line":353,"column":2},"end":{"line":353,"column":null}},"156":{"start":{"line":352,"column":0},"end":{"line":352,"column":16}},"157":{"start":{"line":358,"column":0},"end":{"line":360,"column":null}},"158":{"start":{"line":359,"column":2},"end":{"line":359,"column":null}},"159":{"start":{"line":359,"column":35},"end":{"line":359,"column":50}},"160":{"start":{"line":363,"column":0},"end":{"line":368,"column":null}},"161":{"start":{"line":364,"column":2},"end":{"line":364,"column":null}},"162":{"start":{"line":365,"column":2},"end":{"line":367,"column":null}},"163":{"start":{"line":366,"column":4},"end":{"line":366,"column":null}}},"fnMap":{"0":{"name":"onMessage","decl":{"start":{"line":18,"column":16},"end":{"line":18,"column":25}},"loc":{"start":{"line":21,"column":23},"end":{"line":60,"column":1}}},"1":{"name":"(anonymous_28)","decl":{"start":{"line":23,"column":21},"end":{"line":23,"column":22}},"loc":{"start":{"line":23,"column":37},"end":{"line":59,"column":3}}},"2":{"name":"(anonymous_29)","decl":{"start":{"line":24,"column":20},"end":{"line":24,"column":null}},"loc":{"start":{"line":24,"column":20},"end":{"line":29,"column":5}}},"3":{"name":"(anonymous_30)","decl":{"start":{"line":31,"column":31},"end":{"line":31,"column":null}},"loc":{"start":{"line":31,"column":31},"end":{"line":34,"column":5}}},"4":{"name":"(anonymous_31)","decl":{"start":{"line":36,"column":20},"end":{"line":36,"column":21}},"loc":{"start":{"line":36,"column":33},"end":{"line":39,"column":5}}},"5":{"name":"(anonymous_32)","decl":{"start":{"line":41,"column":19},"end":{"line":41,"column":20}},"loc":{"start":{"line":41,"column":32},"end":{"line":44,"column":5}}},"6":{"name":"(anonymous_33)","decl":{"start":{"line":46,"column":22},"end":{"line":46,"column":23}},"loc":{"start":{"line":46,"column":33},"end":{"line":52,"column":5}}},"7":{"name":"(anonymous_34)","decl":{"start":{"line":79,"column":0},"end":{"line":79,"column":27}},"loc":{"start":{"line":79,"column":0},"end":{"line":85,"column":null}}},"8":{"name":"ProcessError","decl":{"start":{"line":80,"column":2},"end":{"line":80,"column":21}},"loc":{"start":{"line":80,"column":78},"end":{"line":84,"column":3}}},"9":{"name":"(anonymous_36)","decl":{"start":{"line":91,"column":0},"end":{"line":91,"column":null}},"loc":{"start":{"line":91,"column":0},"end":{"line":144,"column":null}}},"10":{"name":"Process","decl":{"start":{"line":107,"column":2},"end":{"line":107,"column":null}},"loc":{"start":{"line":107,"column":2},"end":{"line":121,"column":3}}},"11":{"name":"(anonymous_38)","decl":{"start":{"line":108,"column":25},"end":{"line":108,"column":31}},"loc":{"start":{"line":108,"column":25},"end":{"line":108,"column":35}}},"12":{"name":"(anonymous_39)","decl":{"start":{"line":109,"column":26},"end":{"line":109,"column":32}},"loc":{"start":{"line":109,"column":26},"end":{"line":109,"column":36}}},"13":{"name":"(anonymous_40)","decl":{"start":{"line":110,"column":23},"end":{"line":110,"column":29}},"loc":{"start":{"line":110,"column":23},"end":{"line":110,"column":33}}},"14":{"name":"(anonymous_41)","decl":{"start":{"line":112,"column":19},"end":{"line":112,"column":20}},"loc":{"start":{"line":112,"column":32},"end":{"line":120,"column":5}}},"15":{"name":"(anonymous_42)","decl":{"start":{"line":118,"column":16},"end":{"line":118,"column":22}},"loc":{"start":{"line":118,"column":16},"end":{"line":118,"column":26}}},"16":{"name":"(anonymous_43)","decl":{"start":{"line":119,"column":17},"end":{"line":119,"column":23}},"loc":{"start":{"line":119,"column":17},"end":{"line":119,"column":27}}},"17":{"name":"(anonymous_44)","decl":{"start":{"line":126,"column":2},"end":{"line":126,"column":9}},"loc":{"start":{"line":126,"column":2},"end":{"line":130,"column":3}}},"18":{"name":"(anonymous_45)","decl":{"start":{"line":127,"column":29},"end":{"line":127,"column":30}},"loc":{"start":{"line":127,"column":43},"end":{"line":129,"column":5}}},"19":{"name":"(anonymous_46)","decl":{"start":{"line":137,"column":2},"end":{"line":137,"column":9}},"loc":{"start":{"line":137,"column":43},"end":{"line":143,"column":3}}},"20":{"name":"(anonymous_47)","decl":{"start":{"line":150,"column":0},"end":{"line":150,"column":27}},"loc":{"start":{"line":150,"column":0},"end":{"line":202,"column":null}}},"21":{"name":"ChildProcess","decl":{"start":{"line":153,"column":2},"end":{"line":153,"column":38}},"loc":{"start":{"line":153,"column":55},"end":{"line":169,"column":3}}},"22":{"name":"(anonymous_49)","decl":{"start":{"line":158,"column":16},"end":{"line":158,"column":null}},"loc":{"start":{"line":158,"column":16},"end":{"line":168,"column":5}}},"23":{"name":"(anonymous_50)","decl":{"start":{"line":174,"column":2},"end":{"line":174,"column":15}},"loc":{"start":{"line":174,"column":2},"end":{"line":184,"column":null}}},"24":{"name":"(anonymous_53)","decl":{"start":{"line":178,"column":6},"end":{"line":178,"column":7}},"loc":{"start":{"line":178,"column":14},"end":{"line":180,"column":7}}},"25":{"name":"(anonymous_54)","decl":{"start":{"line":189,"column":2},"end":{"line":189,"column":9}},"loc":{"start":{"line":189,"column":33},"end":{"line":191,"column":3}}},"26":{"name":"(anonymous_55)","decl":{"start":{"line":196,"column":2},"end":{"line":196,"column":10}},"loc":{"start":{"line":196,"column":36},"end":{"line":201,"column":3}}},"27":{"name":"(anonymous_56)","decl":{"start":{"line":209,"column":0},"end":{"line":209,"column":13}},"loc":{"start":{"line":209,"column":0},"end":{"line":342,"column":null}}},"28":{"name":"ParentProcess","decl":{"start":{"line":222,"column":2},"end":{"line":222,"column":29}},"loc":{"start":{"line":222,"column":51},"end":{"line":253,"column":3}}},"29":{"name":"(anonymous_58)","decl":{"start":{"line":225,"column":26},"end":{"line":225,"column":null}},"loc":{"start":{"line":225,"column":26},"end":{"line":228,"column":6}}},"30":{"name":"(anonymous_61)","decl":{"start":{"line":237,"column":19},"end":{"line":237,"column":null}},"loc":{"start":{"line":237,"column":19},"end":{"line":239,"column":5}}},"31":{"name":"(anonymous_62)","decl":{"start":{"line":241,"column":24},"end":{"line":241,"column":25}},"loc":{"start":{"line":241,"column":32},"end":{"line":252,"column":5}}},"32":{"name":"(anonymous_63)","decl":{"start":{"line":255,"column":2},"end":{"line":255,"column":10}},"loc":{"start":{"line":255,"column":2},"end":{"line":261,"column":3}}},"33":{"name":"(anonymous_64)","decl":{"start":{"line":263,"column":2},"end":{"line":263,"column":16}},"loc":{"start":{"line":263,"column":2},"end":{"line":272,"column":null}}},"34":{"name":"(anonymous_67)","decl":{"start":{"line":274,"column":2},"end":{"line":274,"column":9}},"loc":{"start":{"line":274,"column":34},"end":{"line":281,"column":3}}},"35":{"name":"(anonymous_68)","decl":{"start":{"line":283,"column":2},"end":{"line":283,"column":16}},"loc":{"start":{"line":283,"column":2},"end":{"line":305,"column":null}}},"36":{"name":"(anonymous_71)","decl":{"start":{"line":301,"column":23},"end":{"line":301,"column":24}},"loc":{"start":{"line":301,"column":28},"end":{"line":304,"column":5}}},"37":{"name":"(anonymous_72)","decl":{"start":{"line":307,"column":2},"end":{"line":307,"column":10}},"loc":{"start":{"line":307,"column":2},"end":{"line":317,"column":3}}},"38":{"name":"(anonymous_73)","decl":{"start":{"line":322,"column":2},"end":{"line":322,"column":16}},"loc":{"start":{"line":322,"column":48},"end":{"line":334,"column":null}}},"39":{"name":"(anonymous_76)","decl":{"start":{"line":328,"column":6},"end":{"line":328,"column":7}},"loc":{"start":{"line":328,"column":14},"end":{"line":330,"column":7}}},"40":{"name":"(anonymous_77)","decl":{"start":{"line":339,"column":2},"end":{"line":339,"column":10}},"loc":{"start":{"line":339,"column":61},"end":{"line":341,"column":3}}},"41":{"name":"isChild","decl":{"start":{"line":352,"column":16},"end":{"line":352,"column":23}},"loc":{"start":{"line":352,"column":58},"end":{"line":354,"column":1}}},"42":{"name":"(anonymous_79)","decl":{"start":{"line":359,"column":29},"end":{"line":359,"column":35}},"loc":{"start":{"line":359,"column":29},"end":{"line":359,"column":42}}},"43":{"name":"(anonymous_80)","decl":{"start":{"line":363,"column":32},"end":{"line":363,"column":33}},"loc":{"start":{"line":363,"column":38},"end":{"line":368,"column":1}}}},"branchMap":{"0":{"loc":{"start":{"line":47,"column":8},"end":{"line":47,"column":20}},"type":"binary-expr","locations":[{"start":{"line":47,"column":8},"end":{"line":47,"column":20}},{"start":{"line":47,"column":24},"end":{"line":47,"column":30}}]},"1":{"loc":{"start":{"line":48,"column":6},"end":{"line":51,"column":null}},"type":"if","locations":[{"start":{"line":48,"column":6},"end":{"line":51,"column":null}},{"start":{"line":48,"column":6},"end":{"line":51,"column":null}}]},"2":{"loc":{"start":{"line":81,"column":4},"end":{"line":81,"column":18}},"type":"binary-expr","locations":[{"start":{"line":81,"column":4},"end":{"line":81,"column":18}},{"start":{"line":81,"column":18},"end":{"line":81,"column":null}}]},"3":{"loc":{"start":{"line":128,"column":56},"end":{"line":128,"column":60}},"type":"binary-expr","locations":[{"start":{"line":128,"column":56},"end":{"line":128,"column":60}},{"start":{"line":128,"column":64},"end":{"line":128,"column":78}}]},"4":{"loc":{"start":{"line":138,"column":4},"end":{"line":142,"column":null}},"type":"if","locations":[{"start":{"line":138,"column":4},"end":{"line":142,"column":null}},{"start":{"line":138,"column":4},"end":{"line":142,"column":null}}]},"5":{"loc":{"start":{"line":138,"column":8},"end":{"line":138,"column":13}},"type":"binary-expr","locations":[{"start":{"line":138,"column":8},"end":{"line":138,"column":13}},{"start":{"line":138,"column":17},"end":{"line":138,"column":42}}]},"6":{"loc":{"start":{"line":139,"column":56},"end":{"line":139,"column":66}},"type":"cond-expr","locations":[{"start":{"line":139,"column":56},"end":{"line":139,"column":66}},{"start":{"line":139,"column":69},"end":{"line":139,"column":70}}]},"7":{"loc":{"start":{"line":154,"column":4},"end":{"line":154,"column":11}},"type":"binary-expr","locations":[{"start":{"line":154,"column":4},"end":{"line":154,"column":11}},{"start":{"line":154,"column":11},"end":{"line":154,"column":null}}]},"8":{"loc":{"start":{"line":197,"column":4},"end":{"line":199,"column":null}},"type":"if","locations":[{"start":{"line":197,"column":4},"end":{"line":199,"column":null}},{"start":{"line":197,"column":4},"end":{"line":199,"column":null}}]},"9":{"loc":{"start":{"line":223,"column":4},"end":{"line":223,"column":11}},"type":"binary-expr","locations":[{"start":{"line":223,"column":4},"end":{"line":223,"column":11}},{"start":{"line":223,"column":11},"end":{"line":223,"column":null}}]},"10":{"loc":{"start":{"line":243,"column":8},"end":{"line":247,"column":15}},"type":"switch","locations":[{"start":{"line":243,"column":8},"end":{"line":247,"column":15}},{"start":{"line":248,"column":8},"end":{"line":250,"column":15}}]},"11":{"loc":{"start":{"line":257,"column":4},"end":{"line":260,"column":null}},"type":"if","locations":[{"start":{"line":257,"column":4},"end":{"line":260,"column":null}},{"start":{"line":257,"column":4},"end":{"line":260,"column":null}}]},"12":{"loc":{"start":{"line":270,"column":49},"end":{"line":270,"column":59}},"type":"cond-expr","locations":[{"start":{"line":270,"column":49},"end":{"line":270,"column":59}},{"start":{"line":270,"column":62},"end":{"line":270,"column":63}}]},"13":{"loc":{"start":{"line":277,"column":4},"end":{"line":279,"column":null}},"type":"if","locations":[{"start":{"line":277,"column":4},"end":{"line":279,"column":null}},{"start":{"line":277,"column":4},"end":{"line":279,"column":null}}]},"14":{"loc":{"start":{"line":288,"column":4},"end":{"line":291,"column":null}},"type":"if","locations":[{"start":{"line":288,"column":4},"end":{"line":291,"column":null}},{"start":{"line":288,"column":4},"end":{"line":291,"column":null}}]},"15":{"loc":{"start":{"line":292,"column":4},"end":{"line":295,"column":null}},"type":"if","locations":[{"start":{"line":292,"column":4},"end":{"line":295,"column":null}},{"start":{"line":292,"column":4},"end":{"line":295,"column":null}}]},"16":{"loc":{"start":{"line":303,"column":16},"end":{"line":303,"column":20}},"type":"binary-expr","locations":[{"start":{"line":303,"column":16},"end":{"line":303,"column":20}},{"start":{"line":303,"column":24},"end":{"line":303,"column":25}}]},"17":{"loc":{"start":{"line":313,"column":51},"end":{"line":313,"column":75}},"type":"binary-expr","locations":[{"start":{"line":313,"column":51},"end":{"line":313,"column":75}},{"start":{"line":313,"column":79},"end":{"line":313,"column":81}}]},"18":{"loc":{"start":{"line":323,"column":4},"end":{"line":325,"column":null}},"type":"if","locations":[{"start":{"line":323,"column":4},"end":{"line":325,"column":null}},{"start":{"line":323,"column":4},"end":{"line":325,"column":null}}]},"19":{"loc":{"start":{"line":349,"column":6},"end":{"line":349,"column":68}},"type":"cond-expr","locations":[{"start":{"line":349,"column":6},"end":{"line":349,"column":68}},{"start":{"line":350,"column":6},"end":{"line":350,"column":62}}]},"20":{"loc":{"start":{"line":358,"column":0},"end":{"line":360,"column":null}},"type":"if","locations":[{"start":{"line":358,"column":0},"end":{"line":360,"column":null}},{"start":{"line":358,"column":0},"end":{"line":360,"column":null}}]},"21":{"loc":{"start":{"line":365,"column":2},"end":{"line":367,"column":null}},"type":"if","locations":[{"start":{"line":365,"column":2},"end":{"line":367,"column":null}},{"start":{"line":365,"column":2},"end":{"line":367,"column":null}}]}},"s":{"0":1,"1":1,"2":1,"3":1,"4":1,"5":1,"6":1,"7":0,"8":0,"9":0,"10":0,"11":0,"12":0,"13":0,"14":0,"15":0,"16":0,"17":0,"18":0,"19":0,"20":0,"21":0,"22":0,"23":0,"24":0,"25":0,"26":0,"27":0,"28":0,"29":0,"30":1,"31":1,"32":1,"33":0,"34":0,"35":0,"36":0,"37":1,"38":1,"39":1,"40":1,"41":1,"42":1,"43":1,"44":0,"45":1,"46":0,"47":1,"48":0,"49":1,"50":0,"51":0,"52":0,"53":0,"54":0,"55":0,"56":1,"57":0,"58":0,"59":0,"60":1,"61":0,"62":0,"63":0,"64":1,"65":1,"66":1,"67":0,"68":0,"69":0,"70":0,"71":0,"72":0,"73":0,"74":0,"75":1,"76":0,"77":0,"78":0,"79":0,"80":0,"81":1,"82":0,"83":1,"84":0,"85":0,"86":0,"87":1,"88":1,"89":1,"90":1,"91":1,"92":1,"93":1,"94":1,"95":1,"96":0,"97":0,"98":0,"99":1,"100":1,"101":1,"102":1,"103":0,"104":1,"105":0,"106":0,"107":0,"108":0,"109":0,"110":0,"111":0,"112":1,"113":0,"114":0,"115":0,"116":0,"117":1,"118":0,"119":0,"120":0,"121":0,"122":0,"123":1,"124":0,"125":0,"126":0,"127":0,"128":1,"129":0,"130":0,"131":0,"132":0,"133":0,"134":0,"135":0,"136":0,"137":0,"138":0,"139":0,"140":0,"141":0,"142":1,"143":0,"144":1,"145":0,"146":0,"147":0,"148":0,"149":0,"150":1,"151":0,"152":1,"153":1,"154":1,"155":0,"156":1,"157":1,"158":1,"159":0,"160":1,"161":0,"162":0,"163":0},"f":{"0":0,"1":0,"2":0,"3":0,"4":0,"5":0,"6":0,"7":1,"8":0,"9":1,"10":1,"11":0,"12":0,"13":0,"14":0,"15":0,"16":0,"17":0,"18":0,"19":0,"20":1,"21":0,"22":0,"23":0,"24":0,"25":0,"26":0,"27":1,"28":1,"29":0,"30":0,"31":0,"32":0,"33":0,"34":0,"35":0,"36":0,"37":0,"38":0,"39":0,"40":0,"41":0,"42":0,"43":0},"b":{"0":[0,0],"1":[0,0],"2":[0,0],"3":[0,0],"4":[0,0],"5":[0,0],"6":[0,0],"7":[0,0],"8":[0,0],"9":[1,1],"10":[0,0],"11":[0,0],"12":[0,0],"13":[0,0],"14":[0,0],"15":[0,0],"16":[0,0],"17":[0,0],"18":[0,0],"19":[0,1],"20":[1,0],"21":[0,0]}}
}
